2025-03-11 10:44:45,594 - MainProcess   - MainThread - INFO - Starting run 1/5 for instance ../instances/test3 with seed 10
2025-03-11 10:44:45,594 - MainProcess   - MainThread - INFO - Running experiment for instance ../instances/test3 (Run 0)
2025-03-11 10:44:45,595 - MainProcess   - MainThread - INFO - [../instances/test3] [Run 0] Running CP-SAT to find optimal solution...
2025-03-11 10:44:46,236 - MainProcess   - MainThread - INFO - [../instances/test3] [Run 0] CP-SAT completed: makespan=800, time=0.64s
2025-03-11 10:44:46,236 - MainProcess   - MainThread - INFO - [../instances/test3] [Run 0] Running Hybrid solver with limiter...
2025-03-11 10:44:46,918 - MainProcess   - MainThread - INFO - [../instances/test3] [Run 0] Hybrid limiter completed: makespan=884, time=0.67s
2025-03-11 10:44:46,919 - MainProcess   - MainThread - INFO - [../instances/test3] [Run 0] Running Hybrid solver with collector...
2025-03-11 10:44:47,439 - MainProcess   - MainThread - INFO - [../instances/test3] [Run 0] Hybrid collector completed: makespan=803, time=0.47s
2025-03-11 10:44:47,439 - MainProcess   - MainThread - INFO - [../instances/test3] [Run 0] Running GA solver...
2025-03-11 10:44:48,091 - MainProcess   - MainThread - INFO - [../instances/test3] [Run 0] GA completed: makespan=946, time=0.64s
2025-03-11 10:44:48,091 - MainProcess   - MainThread - INFO - [../instances/test3] [Run 0] Running Hybrid solver...
2025-03-11 10:44:48,575 - MainProcess   - MainThread - INFO - [../instances/test3] [Run 0] Hybrid completed: makespan=806, time=0.45s
2025-03-11 10:44:48,581 - MainProcess   - MainThread - INFO - [../instances/test3] [Run 0] Experiment completed and results saved
2025-03-11 10:44:48,581 - MainProcess   - MainThread - INFO - Starting run 2/5 for instance ../instances/test3 with seed 11
2025-03-11 10:44:48,582 - MainProcess   - MainThread - INFO - Running experiment for instance ../instances/test3 (Run 1)
2025-03-11 10:44:48,582 - MainProcess   - MainThread - INFO - [../instances/test3] [Run 1] Running CP-SAT to find optimal solution...
2025-03-11 10:44:49,286 - MainProcess   - MainThread - INFO - [../instances/test3] [Run 1] CP-SAT completed: makespan=800, time=0.70s
2025-03-11 10:44:49,287 - MainProcess   - MainThread - INFO - [../instances/test3] [Run 1] Running Hybrid solver with limiter...
2025-03-11 10:44:50,006 - MainProcess   - MainThread - INFO - [../instances/test3] [Run 1] Hybrid limiter completed: makespan=884, time=0.70s
2025-03-11 10:44:50,007 - MainProcess   - MainThread - INFO - [../instances/test3] [Run 1] Running Hybrid solver with collector...
2025-03-11 10:44:50,549 - MainProcess   - MainThread - INFO - [../instances/test3] [Run 1] Hybrid collector completed: makespan=803, time=0.50s
2025-03-11 10:44:50,550 - MainProcess   - MainThread - INFO - [../instances/test3] [Run 1] Running GA solver...
2025-03-11 10:44:51,275 - MainProcess   - MainThread - INFO - [../instances/test3] [Run 1] GA completed: makespan=1033, time=0.71s
2025-03-11 10:44:51,276 - MainProcess   - MainThread - INFO - [../instances/test3] [Run 1] Running Hybrid solver...
2025-03-11 10:44:51,822 - MainProcess   - MainThread - INFO - [../instances/test3] [Run 1] Hybrid completed: makespan=806, time=0.52s
2025-03-11 10:44:51,829 - MainProcess   - MainThread - INFO - [../instances/test3] [Run 1] Experiment completed and results saved
2025-03-11 10:44:51,830 - MainProcess   - MainThread - INFO - Starting run 3/5 for instance ../instances/test3 with seed 12
2025-03-11 10:44:51,830 - MainProcess   - MainThread - INFO - Running experiment for instance ../instances/test3 (Run 2)
2025-03-11 10:44:51,831 - MainProcess   - MainThread - INFO - [../instances/test3] [Run 2] Running CP-SAT to find optimal solution...
2025-03-11 10:44:52,972 - MainProcess   - MainThread - INFO - [../instances/test3] [Run 2] CP-SAT completed: makespan=800, time=1.13s
2025-03-11 10:44:52,973 - MainProcess   - MainThread - INFO - [../instances/test3] [Run 2] Running Hybrid solver with limiter...
2025-03-11 10:44:54,149 - MainProcess   - MainThread - INFO - [../instances/test3] [Run 2] Hybrid limiter completed: makespan=884, time=1.15s
2025-03-11 10:44:54,149 - MainProcess   - MainThread - INFO - [../instances/test3] [Run 2] Running Hybrid solver with collector...
2025-03-11 10:44:55,036 - MainProcess   - MainThread - INFO - [../instances/test3] [Run 2] Hybrid collector completed: makespan=800, time=0.81s
2025-03-11 10:44:55,037 - MainProcess   - MainThread - INFO - [../instances/test3] [Run 2] Running GA solver...
2025-03-11 10:44:56,209 - MainProcess   - MainThread - INFO - [../instances/test3] [Run 2] GA completed: makespan=932, time=1.16s
2025-03-11 10:44:56,209 - MainProcess   - MainThread - INFO - [../instances/test3] [Run 2] Running Hybrid solver...
2025-03-11 10:44:57,041 - MainProcess   - MainThread - INFO - [../instances/test3] [Run 2] Hybrid completed: makespan=806, time=0.81s
2025-03-11 10:44:57,046 - MainProcess   - MainThread - INFO - [../instances/test3] [Run 2] Experiment completed and results saved
2025-03-11 10:44:57,047 - MainProcess   - MainThread - INFO - Starting run 4/5 for instance ../instances/test3 with seed 13
2025-03-11 10:44:57,047 - MainProcess   - MainThread - INFO - Running experiment for instance ../instances/test3 (Run 3)
2025-03-11 10:44:57,048 - MainProcess   - MainThread - INFO - [../instances/test3] [Run 3] Running CP-SAT to find optimal solution...
2025-03-11 10:44:57,625 - MainProcess   - MainThread - INFO - [../instances/test3] [Run 3] CP-SAT completed: makespan=800, time=0.57s
2025-03-11 10:44:57,626 - MainProcess   - MainThread - INFO - [../instances/test3] [Run 3] Running Hybrid solver with limiter...
2025-03-11 10:44:58,246 - MainProcess   - MainThread - INFO - [../instances/test3] [Run 3] Hybrid limiter completed: makespan=875, time=0.58s
2025-03-11 10:44:58,247 - MainProcess   - MainThread - INFO - [../instances/test3] [Run 3] Running Hybrid solver with collector...
2025-03-11 10:44:58,730 - MainProcess   - MainThread - INFO - [../instances/test3] [Run 3] Hybrid collector completed: makespan=812, time=0.43s
2025-03-11 10:44:58,730 - MainProcess   - MainThread - INFO - [../instances/test3] [Run 3] Running GA solver...
2025-03-11 10:44:59,348 - MainProcess   - MainThread - INFO - [../instances/test3] [Run 3] GA completed: makespan=1018, time=0.61s
2025-03-11 10:44:59,349 - MainProcess   - MainThread - INFO - [../instances/test3] [Run 3] Running Hybrid solver...
2025-03-11 10:44:59,807 - MainProcess   - MainThread - INFO - [../instances/test3] [Run 3] Hybrid completed: makespan=820, time=0.43s
2025-03-11 10:44:59,811 - MainProcess   - MainThread - INFO - [../instances/test3] [Run 3] Experiment completed and results saved
2025-03-11 10:44:59,812 - MainProcess   - MainThread - INFO - Starting run 5/5 for instance ../instances/test3 with seed 14
2025-03-11 10:44:59,812 - MainProcess   - MainThread - INFO - Running experiment for instance ../instances/test3 (Run 4)
2025-03-11 10:44:59,812 - MainProcess   - MainThread - INFO - [../instances/test3] [Run 4] Running CP-SAT to find optimal solution...
2025-03-11 10:45:00,535 - MainProcess   - MainThread - INFO - [../instances/test3] [Run 4] CP-SAT completed: makespan=800, time=0.71s
2025-03-11 10:45:00,536 - MainProcess   - MainThread - INFO - [../instances/test3] [Run 4] Running Hybrid solver with limiter...
2025-03-11 10:45:01,292 - MainProcess   - MainThread - INFO - [../instances/test3] [Run 4] Hybrid limiter completed: makespan=876, time=0.72s
2025-03-11 10:45:01,293 - MainProcess   - MainThread - INFO - [../instances/test3] [Run 4] Running Hybrid solver with collector...
2025-03-11 10:45:01,871 - MainProcess   - MainThread - INFO - [../instances/test3] [Run 4] Hybrid collector completed: makespan=806, time=0.53s
2025-03-11 10:45:01,872 - MainProcess   - MainThread - INFO - [../instances/test3] [Run 4] Running GA solver...
2025-03-11 10:45:02,618 - MainProcess   - MainThread - INFO - [../instances/test3] [Run 4] GA completed: makespan=1009, time=0.74s
2025-03-11 10:45:02,619 - MainProcess   - MainThread - INFO - [../instances/test3] [Run 4] Running Hybrid solver...
2025-03-11 10:45:03,159 - MainProcess   - MainThread - INFO - [../instances/test3] [Run 4] Hybrid completed: makespan=820, time=0.51s
2025-03-11 10:45:03,164 - MainProcess   - MainThread - INFO - [../instances/test3] [Run 4] Experiment completed and results saved
2025-03-11 10:45:03,174 - MainProcess   - MainThread - INFO - Statistics computed and saved to csv/results_20250311-104445_stats.csv
2025-03-11 10:45:03,175 - MainProcess   - MainThread - INFO - All experiments completed. Results saved to csv/results_20250311-104445.csv
