2025-03-11 10:47:10,021 - MainProcess   - MainThread - INFO - Starting run 1/5 for instance ../instances/test3 with seed 10
2025-03-11 10:47:10,021 - MainProcess   - MainThread - INFO - Running experiment for instance ../instances/test3 (Run 0)
2025-03-11 10:47:10,022 - MainProcess   - MainThread - INFO - [../instances/test3] [Run 0] Running CP-SAT to find optimal solution...
2025-03-11 10:47:10,710 - MainProcess   - MainThread - INFO - [../instances/test3] [Run 0] CP-SAT completed: makespan=800, time=0.69s
2025-03-11 10:47:10,711 - MainProcess   - MainThread - INFO - [../instances/test3] [Run 0] Running Hybrid solver with limiter...
2025-03-11 10:47:11,423 - MainProcess   - MainThread - INFO - [../instances/test3] [Run 0] Hybrid limiter completed: makespan=884, time=0.70s
2025-03-11 10:47:11,424 - MainProcess   - MainThread - INFO - [../instances/test3] [Run 0] Running Hybrid solver with collector...
2025-03-11 10:47:11,983 - MainProcess   - MainThread - INFO - [../instances/test3] [Run 0] Hybrid collector completed: makespan=803, time=0.51s
2025-03-11 10:47:11,984 - MainProcess   - MainThread - INFO - [../instances/test3] [Run 0] Running GA solver...
2025-03-11 10:47:12,687 - MainProcess   - MainThread - INFO - [../instances/test3] [Run 0] GA completed: makespan=945, time=0.69s
2025-03-11 10:47:12,688 - MainProcess   - MainThread - INFO - [../instances/test3] [Run 0] Running Hybrid solver...
2025-03-11 10:47:13,241 - MainProcess   - MainThread - INFO - [../instances/test3] [Run 0] Hybrid completed: makespan=807, time=0.52s
2025-03-11 10:47:13,246 - MainProcess   - MainThread - INFO - [../instances/test3] [Run 0] Experiment completed and results saved
2025-03-11 10:47:13,247 - MainProcess   - MainThread - INFO - Starting run 2/5 for instance ../instances/test3 with seed 11
2025-03-11 10:47:13,247 - MainProcess   - MainThread - INFO - Running experiment for instance ../instances/test3 (Run 1)
2025-03-11 10:47:13,248 - MainProcess   - MainThread - INFO - [../instances/test3] [Run 1] Running CP-SAT to find optimal solution...
2025-03-11 10:47:13,945 - MainProcess   - MainThread - INFO - [../instances/test3] [Run 1] CP-SAT completed: makespan=800, time=0.68s
2025-03-11 10:47:13,947 - MainProcess   - MainThread - INFO - [../instances/test3] [Run 1] Running Hybrid solver with limiter...
2025-03-11 10:47:14,676 - MainProcess   - MainThread - INFO - [../instances/test3] [Run 1] Hybrid limiter completed: makespan=884, time=0.70s
2025-03-11 10:47:14,679 - MainProcess   - MainThread - INFO - [../instances/test3] [Run 1] Running Hybrid solver with collector...
2025-03-11 10:47:15,259 - MainProcess   - MainThread - INFO - [../instances/test3] [Run 1] Hybrid collector completed: makespan=820, time=0.50s
2025-03-11 10:47:15,260 - MainProcess   - MainThread - INFO - [../instances/test3] [Run 1] Running GA solver...
2025-03-11 10:47:15,980 - MainProcess   - MainThread - INFO - [../instances/test3] [Run 1] GA completed: makespan=1054, time=0.71s
2025-03-11 10:47:15,981 - MainProcess   - MainThread - INFO - [../instances/test3] [Run 1] Running Hybrid solver...
2025-03-11 10:47:16,534 - MainProcess   - MainThread - INFO - [../instances/test3] [Run 1] Hybrid completed: makespan=820, time=0.49s
2025-03-11 10:47:16,541 - MainProcess   - MainThread - INFO - [../instances/test3] [Run 1] Experiment completed and results saved
2025-03-11 10:47:16,541 - MainProcess   - MainThread - INFO - Starting run 3/5 for instance ../instances/test3 with seed 12
2025-03-11 10:47:16,542 - MainProcess   - MainThread - INFO - Running experiment for instance ../instances/test3 (Run 2)
2025-03-11 10:47:16,542 - MainProcess   - MainThread - INFO - [../instances/test3] [Run 2] Running CP-SAT to find optimal solution...
2025-03-11 10:47:17,182 - MainProcess   - MainThread - INFO - [../instances/test3] [Run 2] CP-SAT completed: makespan=800, time=0.62s
2025-03-11 10:47:17,184 - MainProcess   - MainThread - INFO - [../instances/test3] [Run 2] Running Hybrid solver with limiter...
2025-03-11 10:47:17,872 - MainProcess   - MainThread - INFO - [../instances/test3] [Run 2] Hybrid limiter completed: makespan=884, time=0.65s
2025-03-11 10:47:17,873 - MainProcess   - MainThread - INFO - [../instances/test3] [Run 2] Running Hybrid solver with collector...
2025-03-11 10:47:18,388 - MainProcess   - MainThread - INFO - [../instances/test3] [Run 2] Hybrid collector completed: makespan=803, time=0.45s
2025-03-11 10:47:18,389 - MainProcess   - MainThread - INFO - [../instances/test3] [Run 2] Running GA solver...
2025-03-11 10:47:19,055 - MainProcess   - MainThread - INFO - [../instances/test3] [Run 2] GA completed: makespan=1003, time=0.65s
2025-03-11 10:47:19,056 - MainProcess   - MainThread - INFO - [../instances/test3] [Run 2] Running Hybrid solver...
2025-03-11 10:47:19,547 - MainProcess   - MainThread - INFO - [../instances/test3] [Run 2] Hybrid completed: makespan=820, time=0.45s
2025-03-11 10:47:19,552 - MainProcess   - MainThread - INFO - [../instances/test3] [Run 2] Experiment completed and results saved
2025-03-11 10:47:19,552 - MainProcess   - MainThread - INFO - Starting run 4/5 for instance ../instances/test3 with seed 13
2025-03-11 10:47:19,553 - MainProcess   - MainThread - INFO - Running experiment for instance ../instances/test3 (Run 3)
2025-03-11 10:47:19,553 - MainProcess   - MainThread - INFO - [../instances/test3] [Run 3] Running CP-SAT to find optimal solution...
2025-03-11 10:47:20,405 - MainProcess   - MainThread - INFO - [../instances/test3] [Run 3] CP-SAT completed: makespan=800, time=0.84s
2025-03-11 10:47:20,406 - MainProcess   - MainThread - INFO - [../instances/test3] [Run 3] Running Hybrid solver with limiter...
2025-03-11 10:47:21,292 - MainProcess   - MainThread - INFO - [../instances/test3] [Run 3] Hybrid limiter completed: makespan=875, time=0.86s
2025-03-11 10:47:21,293 - MainProcess   - MainThread - INFO - [../instances/test3] [Run 3] Running Hybrid solver with collector...
2025-03-11 10:47:21,959 - MainProcess   - MainThread - INFO - [../instances/test3] [Run 3] Hybrid collector completed: makespan=820, time=0.61s
2025-03-11 10:47:21,960 - MainProcess   - MainThread - INFO - [../instances/test3] [Run 3] Running GA solver...
2025-03-11 10:47:22,819 - MainProcess   - MainThread - INFO - [../instances/test3] [Run 3] GA completed: makespan=988, time=0.85s
2025-03-11 10:47:22,820 - MainProcess   - MainThread - INFO - [../instances/test3] [Run 3] Running Hybrid solver...
2025-03-11 10:47:23,475 - MainProcess   - MainThread - INFO - [../instances/test3] [Run 3] Hybrid completed: makespan=816, time=0.62s
2025-03-11 10:47:23,480 - MainProcess   - MainThread - INFO - [../instances/test3] [Run 3] Experiment completed and results saved
2025-03-11 10:47:23,480 - MainProcess   - MainThread - INFO - Starting run 5/5 for instance ../instances/test3 with seed 14
2025-03-11 10:47:23,481 - MainProcess   - MainThread - INFO - Running experiment for instance ../instances/test3 (Run 4)
2025-03-11 10:47:23,481 - MainProcess   - MainThread - INFO - [../instances/test3] [Run 4] Running CP-SAT to find optimal solution...
2025-03-11 10:47:26,278 - MainProcess   - MainThread - INFO - [../instances/test3] [Run 4] CP-SAT completed: makespan=800, time=2.79s
2025-03-11 10:47:26,279 - MainProcess   - MainThread - INFO - [../instances/test3] [Run 4] Running Hybrid solver with limiter...
2025-03-11 10:47:29,108 - MainProcess   - MainThread - INFO - [../instances/test3] [Run 4] Hybrid limiter completed: makespan=875, time=2.80s
2025-03-11 10:47:29,109 - MainProcess   - MainThread - INFO - [../instances/test3] [Run 4] Running Hybrid solver with collector...
2025-03-11 10:47:29,998 - MainProcess   - MainThread - INFO - [../instances/test3] [Run 4] Hybrid collector completed: makespan=800, time=0.85s
2025-03-11 10:47:29,998 - MainProcess   - MainThread - INFO - [../instances/test3] [Run 4] Running GA solver...
2025-03-11 10:47:32,813 - MainProcess   - MainThread - INFO - [../instances/test3] [Run 4] GA completed: makespan=884, time=2.80s
2025-03-11 10:47:32,814 - MainProcess   - MainThread - INFO - [../instances/test3] [Run 4] Running Hybrid solver...
2025-03-11 10:47:33,571 - MainProcess   - MainThread - INFO - [../instances/test3] [Run 4] Hybrid completed: makespan=800, time=0.74s
2025-03-11 10:47:33,574 - MainProcess   - MainThread - INFO - [../instances/test3] [Run 4] Experiment completed and results saved
2025-03-11 10:47:33,575 - MainProcess   - MainThread - INFO - All experiments completed. Results saved to csv/results_20250311-104710.csv
