2025-03-10 17:35:11,444 - MainProcess   - MainThread - INFO - Starting parallel processing of 74 instances with 6 workers
2025-03-10 17:35:11,599 - ForkProcess-2 - MainThread - INFO - Running experiment for instance ../instances/ClassicBenchmark/jobshop_abz5
2025-03-10 17:35:11,600 - ForkProcess-2 - MainThread - INFO - [../instances/ClassicBenchmark/jobshop_abz5] Running CP-SAT to find optimal solution...
2025-03-10 17:35:11,603 - ForkProcess-1 - MainThread - INFO - Running experiment for instance ../instances/ClassicBenchmark/jobshop_abz6
2025-03-10 17:35:11,603 - ForkProcess-1 - MainThread - INFO - [../instances/ClassicBenchmark/jobshop_abz6] Running CP-SAT to find optimal solution...
2025-03-10 17:35:11,611 - ForkProcess-3 - MainThread - INFO - Running experiment for instance ../instances/ClassicBenchmark/jobshop_abz7
2025-03-10 17:35:11,611 - ForkProcess-3 - MainThread - INFO - [../instances/ClassicBenchmark/jobshop_abz7] Running CP-SAT to find optimal solution...
2025-03-10 17:35:11,619 - ForkProcess-4 - MainThread - INFO - Running experiment for instance ../instances/ClassicBenchmark/jobshop_abz8
2025-03-10 17:35:11,619 - ForkProcess-6 - MainThread - INFO - Running experiment for instance ../instances/ClassicBenchmark/jobshop_abz9
2025-03-10 17:35:11,619 - ForkProcess-5 - MainThread - INFO - Running experiment for instance ../instances/ClassicBenchmark/jobshop_ft06
2025-03-10 17:35:11,620 - ForkProcess-5 - MainThread - INFO - [../instances/ClassicBenchmark/jobshop_ft06] Running CP-SAT to find optimal solution...
2025-03-10 17:35:11,620 - ForkProcess-4 - MainThread - INFO - [../instances/ClassicBenchmark/jobshop_abz8] Running CP-SAT to find optimal solution...
2025-03-10 17:35:11,620 - ForkProcess-6 - MainThread - INFO - [../instances/ClassicBenchmark/jobshop_abz9] Running CP-SAT to find optimal solution...
2025-03-10 17:35:11,742 - ForkProcess-5 - MainThread - INFO - [../instances/ClassicBenchmark/jobshop_ft06] CP-SAT completed: makespan=55, time=0.12s
2025-03-10 17:35:11,742 - ForkProcess-5 - MainThread - INFO - [../instances/ClassicBenchmark/jobshop_ft06] Running Hybrid solver with limiter...
2025-03-10 17:35:12,138 - ForkProcess-5 - MainThread - INFO - [../instances/ClassicBenchmark/jobshop_ft06] Hybrid limiter completed: makespan=60, time=0.27s
2025-03-10 17:35:12,182 - ForkProcess-5 - MainThread - INFO - [../instances/ClassicBenchmark/jobshop_ft06] Running GA solver...
2025-03-10 17:35:12,525 - ForkProcess-5 - MainThread - INFO - [../instances/ClassicBenchmark/jobshop_ft06] GA completed: makespan=68, time=0.26s
2025-03-10 17:35:12,525 - ForkProcess-5 - MainThread - INFO - [../instances/ClassicBenchmark/jobshop_ft06] Running Hybrid solver...
2025-03-10 17:35:12,651 - ForkProcess-5 - MainThread - INFO - [../instances/ClassicBenchmark/jobshop_ft06] Hybrid completed: makespan=0, time=0.00s
2025-03-10 17:35:12,682 - ForkProcess-5 - MainThread - INFO - [../instances/ClassicBenchmark/jobshop_ft06] Experiment completed and results saved
2025-03-10 17:35:12,683 - MainProcess   - MainThread - INFO - Progress: 1/74 instances completed. jobshop_ft06 succeeded
2025-03-10 17:35:12,683 - ForkProcess-5 - MainThread - INFO - Running experiment for instance ../instances/ClassicBenchmark/jobshop_ft10
2025-03-10 17:35:12,690 - ForkProcess-5 - MainThread - INFO - [../instances/ClassicBenchmark/jobshop_ft10] Running CP-SAT to find optimal solution...
2025-03-10 17:35:13,243 - ForkProcess-1 - MainThread - INFO - [../instances/ClassicBenchmark/jobshop_abz6] CP-SAT completed: makespan=943, time=1.64s
2025-03-10 17:35:13,244 - ForkProcess-1 - MainThread - INFO - [../instances/ClassicBenchmark/jobshop_abz6] Running Hybrid solver with limiter...
2025-03-10 17:35:15,781 - ForkProcess-1 - MainThread - INFO - [../instances/ClassicBenchmark/jobshop_abz6] Hybrid limiter completed: makespan=980, time=2.30s
2025-03-10 17:35:15,819 - ForkProcess-1 - MainThread - INFO - [../instances/ClassicBenchmark/jobshop_abz6] Running GA solver...
2025-03-10 17:35:18,222 - ForkProcess-1 - MainThread - INFO - [../instances/ClassicBenchmark/jobshop_abz6] GA completed: makespan=1303, time=2.23s
2025-03-10 17:35:18,227 - ForkProcess-1 - MainThread - INFO - [../instances/ClassicBenchmark/jobshop_abz6] Running Hybrid solver...
2025-03-10 17:35:20,013 - ForkProcess-1 - MainThread - INFO - [../instances/ClassicBenchmark/jobshop_abz6] Hybrid completed: makespan=947, time=1.51s
2025-03-10 17:35:20,055 - ForkProcess-1 - MainThread - INFO - [../instances/ClassicBenchmark/jobshop_abz6] Experiment completed and results saved
2025-03-10 17:35:20,071 - MainProcess   - MainThread - INFO - Progress: 2/74 instances completed. jobshop_abz6 succeeded
2025-03-10 17:35:20,072 - ForkProcess-1 - MainThread - INFO - Running experiment for instance ../instances/ClassicBenchmark/jobshop_ft20
2025-03-10 17:35:20,082 - ForkProcess-1 - MainThread - INFO - [../instances/ClassicBenchmark/jobshop_ft20] Running CP-SAT to find optimal solution...
2025-03-10 17:35:23,691 - ForkProcess-1 - MainThread - INFO - [../instances/ClassicBenchmark/jobshop_ft20] CP-SAT completed: makespan=1165, time=3.35s
2025-03-10 17:35:23,692 - ForkProcess-1 - MainThread - INFO - [../instances/ClassicBenchmark/jobshop_ft20] Running Hybrid solver with limiter...
2025-03-10 17:35:27,352 - ForkProcess-2 - MainThread - INFO - [../instances/ClassicBenchmark/jobshop_abz5] CP-SAT completed: makespan=1234, time=15.75s
2025-03-10 17:35:27,352 - ForkProcess-2 - MainThread - INFO - [../instances/ClassicBenchmark/jobshop_abz5] Running Hybrid solver with limiter...
2025-03-10 17:35:27,793 - ForkProcess-1 - MainThread - INFO - [../instances/ClassicBenchmark/jobshop_ft20] Hybrid limiter completed: makespan=1501, time=3.63s
2025-03-10 17:35:27,826 - ForkProcess-1 - MainThread - INFO - [../instances/ClassicBenchmark/jobshop_ft20] Running GA solver...
2025-03-10 17:35:31,524 - ForkProcess-1 - MainThread - INFO - [../instances/ClassicBenchmark/jobshop_ft20] GA completed: makespan=1514, time=3.60s
2025-03-10 17:35:31,550 - ForkProcess-1 - MainThread - INFO - [../instances/ClassicBenchmark/jobshop_ft20] Running Hybrid solver...
2025-03-10 17:35:34,237 - ForkProcess-1 - MainThread - INFO - [../instances/ClassicBenchmark/jobshop_ft20] Hybrid completed: makespan=1169, time=2.42s
2025-03-10 17:35:34,237 - ForkProcess-1 - MainThread - INFO - [../instances/ClassicBenchmark/jobshop_ft20] Experiment completed and results saved
2025-03-10 17:35:34,255 - ForkProcess-1 - MainThread - INFO - Running experiment for instance ../instances/ClassicBenchmark/jobshop_la01
2025-03-10 17:35:34,255 - MainProcess   - MainThread - INFO - Progress: 3/74 instances completed. jobshop_ft20 succeeded
2025-03-10 17:35:34,255 - ForkProcess-1 - MainThread - INFO - [../instances/ClassicBenchmark/jobshop_la01] Running CP-SAT to find optimal solution...
2025-03-10 17:35:34,469 - ForkProcess-5 - MainThread - INFO - [../instances/ClassicBenchmark/jobshop_ft10] CP-SAT completed: makespan=930, time=21.73s
2025-03-10 17:35:34,470 - ForkProcess-5 - MainThread - INFO - [../instances/ClassicBenchmark/jobshop_ft10] Running Hybrid solver with limiter...
2025-03-10 17:35:34,473 - ForkProcess-1 - MainThread - INFO - [../instances/ClassicBenchmark/jobshop_la01] CP-SAT completed: makespan=666, time=0.19s
2025-03-10 17:35:34,482 - ForkProcess-1 - MainThread - INFO - [../instances/ClassicBenchmark/jobshop_la01] Running Hybrid solver with limiter...
2025-03-10 17:35:34,839 - ForkProcess-1 - MainThread - INFO - [../instances/ClassicBenchmark/jobshop_la01] Hybrid limiter completed: makespan=723, time=0.22s
2025-03-10 17:35:34,840 - ForkProcess-1 - MainThread - INFO - [../instances/ClassicBenchmark/jobshop_la01] Running GA solver...
2025-03-10 17:35:35,182 - ForkProcess-1 - MainThread - INFO - [../instances/ClassicBenchmark/jobshop_la01] GA completed: makespan=836, time=0.26s
2025-03-10 17:35:35,182 - ForkProcess-1 - MainThread - INFO - [../instances/ClassicBenchmark/jobshop_la01] Running Hybrid solver...
2025-03-10 17:35:35,400 - ForkProcess-1 - MainThread - INFO - [../instances/ClassicBenchmark/jobshop_la01] Hybrid completed: makespan=666, time=0.16s
2025-03-10 17:35:35,401 - ForkProcess-1 - MainThread - INFO - [../instances/ClassicBenchmark/jobshop_la01] Experiment completed and results saved
2025-03-10 17:35:35,401 - MainProcess   - MainThread - INFO - Progress: 4/74 instances completed. jobshop_la01 succeeded
2025-03-10 17:35:35,410 - ForkProcess-1 - MainThread - INFO - Running experiment for instance ../instances/ClassicBenchmark/jobshop_la02
2025-03-10 17:35:35,410 - ForkProcess-1 - MainThread - INFO - [../instances/ClassicBenchmark/jobshop_la02] Running CP-SAT to find optimal solution...
2025-03-10 17:35:35,801 - ForkProcess-1 - MainThread - INFO - [../instances/ClassicBenchmark/jobshop_la02] CP-SAT completed: makespan=655, time=0.32s
2025-03-10 17:35:35,801 - ForkProcess-1 - MainThread - INFO - [../instances/ClassicBenchmark/jobshop_la02] Running Hybrid solver with limiter...
2025-03-10 17:35:36,383 - ForkProcess-1 - MainThread - INFO - [../instances/ClassicBenchmark/jobshop_la02] Hybrid limiter completed: makespan=803, time=0.40s
2025-03-10 17:35:36,383 - ForkProcess-1 - MainThread - INFO - [../instances/ClassicBenchmark/jobshop_la02] Running GA solver...
2025-03-10 17:35:36,778 - ForkProcess-1 - MainThread - INFO - [../instances/ClassicBenchmark/jobshop_la02] GA completed: makespan=839, time=0.33s
2025-03-10 17:35:36,778 - ForkProcess-1 - MainThread - INFO - [../instances/ClassicBenchmark/jobshop_la02] Running Hybrid solver...
2025-03-10 17:35:37,165 - ForkProcess-1 - MainThread - INFO - [../instances/ClassicBenchmark/jobshop_la02] Hybrid completed: makespan=692, time=0.28s
2025-03-10 17:35:37,174 - ForkProcess-1 - MainThread - INFO - [../instances/ClassicBenchmark/jobshop_la02] Experiment completed and results saved
2025-03-10 17:35:37,182 - MainProcess   - MainThread - INFO - Progress: 5/74 instances completed. jobshop_la02 succeeded
2025-03-10 17:35:37,182 - ForkProcess-1 - MainThread - INFO - Running experiment for instance ../instances/ClassicBenchmark/jobshop_la03
2025-03-10 17:35:37,183 - ForkProcess-1 - MainThread - INFO - [../instances/ClassicBenchmark/jobshop_la03] Running CP-SAT to find optimal solution...
2025-03-10 17:35:37,386 - ForkProcess-1 - MainThread - INFO - [../instances/ClassicBenchmark/jobshop_la03] CP-SAT completed: makespan=597, time=0.16s
2025-03-10 17:35:37,387 - ForkProcess-1 - MainThread - INFO - [../instances/ClassicBenchmark/jobshop_la03] Running Hybrid solver with limiter...
2025-03-10 17:35:37,697 - ForkProcess-1 - MainThread - INFO - [../instances/ClassicBenchmark/jobshop_la03] Hybrid limiter completed: makespan=696, time=0.20s
2025-03-10 17:35:37,697 - ForkProcess-1 - MainThread - INFO - [../instances/ClassicBenchmark/jobshop_la03] Running GA solver...
2025-03-10 17:35:38,042 - ForkProcess-1 - MainThread - INFO - [../instances/ClassicBenchmark/jobshop_la03] GA completed: makespan=781, time=0.28s
2025-03-10 17:35:38,050 - ForkProcess-1 - MainThread - INFO - [../instances/ClassicBenchmark/jobshop_la03] Running Hybrid solver...
2025-03-10 17:35:38,087 - ForkProcess-1 - MainThread - INFO - [../instances/ClassicBenchmark/jobshop_la03] Hybrid completed: makespan=0, time=0.00s
2025-03-10 17:35:38,088 - ForkProcess-1 - MainThread - INFO - [../instances/ClassicBenchmark/jobshop_la03] Experiment completed and results saved
2025-03-10 17:35:38,089 - MainProcess   - MainThread - INFO - Progress: 6/74 instances completed. jobshop_la03 succeeded
2025-03-10 17:35:38,089 - ForkProcess-1 - MainThread - INFO - Running experiment for instance ../instances/ClassicBenchmark/jobshop_la04
2025-03-10 17:35:38,089 - ForkProcess-1 - MainThread - INFO - [../instances/ClassicBenchmark/jobshop_la04] Running CP-SAT to find optimal solution...
2025-03-10 17:35:38,347 - ForkProcess-1 - MainThread - INFO - [../instances/ClassicBenchmark/jobshop_la04] CP-SAT completed: makespan=590, time=0.19s
2025-03-10 17:35:38,347 - ForkProcess-1 - MainThread - INFO - [../instances/ClassicBenchmark/jobshop_la04] Running Hybrid solver with limiter...
2025-03-10 17:35:38,773 - ForkProcess-1 - MainThread - INFO - [../instances/ClassicBenchmark/jobshop_la04] Hybrid limiter completed: makespan=747, time=0.25s
2025-03-10 17:35:38,794 - ForkProcess-1 - MainThread - INFO - [../instances/ClassicBenchmark/jobshop_la04] Running GA solver...
2025-03-10 17:35:39,125 - ForkProcess-1 - MainThread - INFO - [../instances/ClassicBenchmark/jobshop_la04] GA completed: makespan=776, time=0.26s
2025-03-10 17:35:39,134 - ForkProcess-1 - MainThread - INFO - [../instances/ClassicBenchmark/jobshop_la04] Running Hybrid solver...
2025-03-10 17:35:39,650 - ForkProcess-1 - MainThread - INFO - [../instances/ClassicBenchmark/jobshop_la04] Hybrid completed: makespan=680, time=0.39s
2025-03-10 17:35:39,663 - ForkProcess-1 - MainThread - INFO - [../instances/ClassicBenchmark/jobshop_la04] Experiment completed and results saved
2025-03-10 17:35:39,663 - MainProcess   - MainThread - INFO - Progress: 7/74 instances completed. jobshop_la04 succeeded
2025-03-10 17:35:39,664 - ForkProcess-1 - MainThread - INFO - Running experiment for instance ../instances/ClassicBenchmark/jobshop_la05
2025-03-10 17:35:39,664 - ForkProcess-1 - MainThread - INFO - [../instances/ClassicBenchmark/jobshop_la05] Running CP-SAT to find optimal solution...
2025-03-10 17:35:39,851 - ForkProcess-1 - MainThread - INFO - [../instances/ClassicBenchmark/jobshop_la05] CP-SAT completed: makespan=593, time=0.15s
2025-03-10 17:35:39,858 - ForkProcess-1 - MainThread - INFO - [../instances/ClassicBenchmark/jobshop_la05] Running Hybrid solver with limiter...
2025-03-10 17:35:40,151 - ForkProcess-1 - MainThread - INFO - [../instances/ClassicBenchmark/jobshop_la05] Hybrid limiter completed: makespan=593, time=0.19s
2025-03-10 17:35:40,174 - ForkProcess-1 - MainThread - INFO - [../instances/ClassicBenchmark/jobshop_la05] Running GA solver...
2025-03-10 17:35:40,423 - ForkProcess-1 - MainThread - INFO - [../instances/ClassicBenchmark/jobshop_la05] GA completed: makespan=658, time=0.21s
2025-03-10 17:35:40,446 - ForkProcess-1 - MainThread - INFO - [../instances/ClassicBenchmark/jobshop_la05] Running Hybrid solver...
2025-03-10 17:35:40,572 - ForkProcess-1 - MainThread - INFO - [../instances/ClassicBenchmark/jobshop_la05] Hybrid completed: makespan=593, time=0.09s
2025-03-10 17:35:40,572 - ForkProcess-1 - MainThread - INFO - [../instances/ClassicBenchmark/jobshop_la05] Experiment completed and results saved
2025-03-10 17:35:40,573 - MainProcess   - MainThread - INFO - Progress: 8/74 instances completed. jobshop_la05 succeeded
2025-03-10 17:35:40,574 - ForkProcess-1 - MainThread - INFO - Running experiment for instance ../instances/ClassicBenchmark/jobshop_la06
2025-03-10 17:35:40,574 - ForkProcess-1 - MainThread - INFO - [../instances/ClassicBenchmark/jobshop_la06] Running CP-SAT to find optimal solution...
2025-03-10 17:35:40,685 - ForkProcess-1 - MainThread - INFO - [../instances/ClassicBenchmark/jobshop_la06] CP-SAT completed: makespan=926, time=0.08s
2025-03-10 17:35:40,686 - ForkProcess-1 - MainThread - INFO - [../instances/ClassicBenchmark/jobshop_la06] Running Hybrid solver with limiter...
2025-03-10 17:35:40,982 - ForkProcess-1 - MainThread - INFO - [../instances/ClassicBenchmark/jobshop_la06] Hybrid limiter completed: makespan=926, time=0.20s
2025-03-10 17:35:40,983 - ForkProcess-1 - MainThread - INFO - [../instances/ClassicBenchmark/jobshop_la06] Running GA solver...
2025-03-10 17:35:41,159 - ForkProcess-1 - MainThread - INFO - [../instances/ClassicBenchmark/jobshop_la06] GA completed: makespan=979, time=0.14s
2025-03-10 17:35:41,174 - ForkProcess-1 - MainThread - INFO - [../instances/ClassicBenchmark/jobshop_la06] Running Hybrid solver...
2025-03-10 17:35:41,240 - ForkProcess-1 - MainThread - INFO - [../instances/ClassicBenchmark/jobshop_la06] Hybrid completed: makespan=0, time=0.00s
2025-03-10 17:35:41,240 - ForkProcess-1 - MainThread - INFO - [../instances/ClassicBenchmark/jobshop_la06] Experiment completed and results saved
2025-03-10 17:35:41,241 - MainProcess   - MainThread - INFO - Progress: 9/74 instances completed. jobshop_la06 succeeded
2025-03-10 17:35:41,241 - ForkProcess-1 - MainThread - INFO - Running experiment for instance ../instances/ClassicBenchmark/jobshop_la07
2025-03-10 17:35:41,241 - ForkProcess-1 - MainThread - INFO - [../instances/ClassicBenchmark/jobshop_la07] Running CP-SAT to find optimal solution...
2025-03-10 17:35:41,686 - ForkProcess-1 - MainThread - INFO - [../instances/ClassicBenchmark/jobshop_la07] CP-SAT completed: makespan=890, time=0.35s
2025-03-10 17:35:41,710 - ForkProcess-1 - MainThread - INFO - [../instances/ClassicBenchmark/jobshop_la07] Running Hybrid solver with limiter...
2025-03-10 17:35:42,297 - ForkProcess-1 - MainThread - INFO - [../instances/ClassicBenchmark/jobshop_la07] Hybrid limiter completed: makespan=968, time=0.48s
2025-03-10 17:35:42,318 - ForkProcess-1 - MainThread - INFO - [../instances/ClassicBenchmark/jobshop_la07] Running GA solver...
2025-03-10 17:35:42,822 - ForkProcess-1 - MainThread - INFO - [../instances/ClassicBenchmark/jobshop_la07] GA completed: makespan=1102, time=0.44s
2025-03-10 17:35:42,822 - ForkProcess-1 - MainThread - INFO - [../instances/ClassicBenchmark/jobshop_la07] Running Hybrid solver...
2025-03-10 17:35:43,143 - ForkProcess-1 - MainThread - INFO - [../instances/ClassicBenchmark/jobshop_la07] Hybrid completed: makespan=890, time=0.25s
2025-03-10 17:35:43,144 - ForkProcess-1 - MainThread - INFO - [../instances/ClassicBenchmark/jobshop_la07] Experiment completed and results saved
2025-03-10 17:35:43,145 - MainProcess   - MainThread - INFO - Progress: 10/74 instances completed. jobshop_la07 succeeded
2025-03-10 17:35:43,145 - ForkProcess-1 - MainThread - INFO - Running experiment for instance ../instances/ClassicBenchmark/jobshop_la08
2025-03-10 17:35:43,146 - ForkProcess-1 - MainThread - INFO - [../instances/ClassicBenchmark/jobshop_la08] Running CP-SAT to find optimal solution...
2025-03-10 17:35:43,336 - ForkProcess-2 - MainThread - INFO - [../instances/ClassicBenchmark/jobshop_abz5] Hybrid limiter completed: makespan=1332, time=15.90s
2025-03-10 17:35:43,336 - ForkProcess-2 - MainThread - INFO - [../instances/ClassicBenchmark/jobshop_abz5] Running GA solver...
2025-03-10 17:35:43,475 - ForkProcess-1 - MainThread - INFO - [../instances/ClassicBenchmark/jobshop_la08] CP-SAT completed: makespan=863, time=0.27s
2025-03-10 17:35:43,498 - ForkProcess-1 - MainThread - INFO - [../instances/ClassicBenchmark/jobshop_la08] Running Hybrid solver with limiter...
2025-03-10 17:35:44,005 - ForkProcess-1 - MainThread - INFO - [../instances/ClassicBenchmark/jobshop_la08] Hybrid limiter completed: makespan=918, time=0.36s
2025-03-10 17:35:44,014 - ForkProcess-1 - MainThread - INFO - [../instances/ClassicBenchmark/jobshop_la08] Running GA solver...
2025-03-10 17:35:44,391 - ForkProcess-1 - MainThread - INFO - [../instances/ClassicBenchmark/jobshop_la08] GA completed: makespan=1117, time=0.30s
2025-03-10 17:35:44,414 - ForkProcess-1 - MainThread - INFO - [../instances/ClassicBenchmark/jobshop_la08] Running Hybrid solver...
2025-03-10 17:35:44,784 - ForkProcess-1 - MainThread - INFO - [../instances/ClassicBenchmark/jobshop_la08] Hybrid completed: makespan=863, time=0.29s
2025-03-10 17:35:44,795 - ForkProcess-1 - MainThread - INFO - [../instances/ClassicBenchmark/jobshop_la08] Experiment completed and results saved
2025-03-10 17:35:44,795 - MainProcess   - MainThread - INFO - Progress: 11/74 instances completed. jobshop_la08 succeeded
2025-03-10 17:35:44,796 - ForkProcess-1 - MainThread - INFO - Running experiment for instance ../instances/ClassicBenchmark/jobshop_la09
2025-03-10 17:35:44,796 - ForkProcess-1 - MainThread - INFO - [../instances/ClassicBenchmark/jobshop_la09] Running CP-SAT to find optimal solution...
2025-03-10 17:35:45,208 - ForkProcess-1 - MainThread - INFO - [../instances/ClassicBenchmark/jobshop_la09] CP-SAT completed: makespan=951, time=0.32s
2025-03-10 17:35:45,218 - ForkProcess-1 - MainThread - INFO - [../instances/ClassicBenchmark/jobshop_la09] Running Hybrid solver with limiter...
2025-03-10 17:35:45,686 - ForkProcess-1 - MainThread - INFO - [../instances/ClassicBenchmark/jobshop_la09] Hybrid limiter completed: makespan=985, time=0.37s
2025-03-10 17:35:45,686 - ForkProcess-1 - MainThread - INFO - [../instances/ClassicBenchmark/jobshop_la09] Running GA solver...
2025-03-10 17:35:46,169 - ForkProcess-1 - MainThread - INFO - [../instances/ClassicBenchmark/jobshop_la09] GA completed: makespan=1046, time=0.37s
2025-03-10 17:35:46,169 - ForkProcess-1 - MainThread - INFO - [../instances/ClassicBenchmark/jobshop_la09] Running Hybrid solver...
2025-03-10 17:35:46,442 - ForkProcess-1 - MainThread - INFO - [../instances/ClassicBenchmark/jobshop_la09] Hybrid completed: makespan=951, time=0.24s
2025-03-10 17:35:46,443 - ForkProcess-1 - MainThread - INFO - [../instances/ClassicBenchmark/jobshop_la09] Experiment completed and results saved
2025-03-10 17:35:46,444 - MainProcess   - MainThread - INFO - Progress: 12/74 instances completed. jobshop_la09 succeeded
2025-03-10 17:35:46,445 - ForkProcess-1 - MainThread - INFO - Running experiment for instance ../instances/ClassicBenchmark/jobshop_la10
2025-03-10 17:35:46,445 - ForkProcess-1 - MainThread - INFO - [../instances/ClassicBenchmark/jobshop_la10] Running CP-SAT to find optimal solution...
2025-03-10 17:35:46,539 - ForkProcess-1 - MainThread - INFO - [../instances/ClassicBenchmark/jobshop_la10] CP-SAT completed: makespan=958, time=0.08s
2025-03-10 17:35:46,554 - ForkProcess-1 - MainThread - INFO - [../instances/ClassicBenchmark/jobshop_la10] Running Hybrid solver with limiter...
2025-03-10 17:35:46,787 - ForkProcess-1 - MainThread - INFO - [../instances/ClassicBenchmark/jobshop_la10] Hybrid limiter completed: makespan=966, time=0.16s
2025-03-10 17:35:46,802 - ForkProcess-1 - MainThread - INFO - [../instances/ClassicBenchmark/jobshop_la10] Running GA solver...
2025-03-10 17:35:46,924 - ForkProcess-1 - MainThread - INFO - [../instances/ClassicBenchmark/jobshop_la10] GA completed: makespan=1064, time=0.09s
2025-03-10 17:35:46,942 - ForkProcess-1 - MainThread - INFO - [../instances/ClassicBenchmark/jobshop_la10] Running Hybrid solver...
2025-03-10 17:35:46,972 - ForkProcess-1 - MainThread - INFO - [../instances/ClassicBenchmark/jobshop_la10] Hybrid completed: makespan=0, time=0.00s
2025-03-10 17:35:46,973 - ForkProcess-1 - MainThread - INFO - [../instances/ClassicBenchmark/jobshop_la10] Experiment completed and results saved
2025-03-10 17:35:46,973 - MainProcess   - MainThread - INFO - Progress: 13/74 instances completed. jobshop_la10 succeeded
2025-03-10 17:35:46,974 - ForkProcess-1 - MainThread - INFO - Running experiment for instance ../instances/ClassicBenchmark/jobshop_la11
2025-03-10 17:35:46,975 - ForkProcess-1 - MainThread - INFO - [../instances/ClassicBenchmark/jobshop_la11] Running CP-SAT to find optimal solution...
2025-03-10 17:35:47,256 - ForkProcess-1 - MainThread - INFO - [../instances/ClassicBenchmark/jobshop_la11] CP-SAT completed: makespan=1222, time=0.25s
2025-03-10 17:35:47,266 - ForkProcess-1 - MainThread - INFO - [../instances/ClassicBenchmark/jobshop_la11] Running Hybrid solver with limiter...
2025-03-10 17:35:47,735 - ForkProcess-1 - MainThread - INFO - [../instances/ClassicBenchmark/jobshop_la11] Hybrid limiter completed: makespan=1261, time=0.36s
2025-03-10 17:35:47,758 - ForkProcess-1 - MainThread - INFO - [../instances/ClassicBenchmark/jobshop_la11] Running GA solver...
2025-03-10 17:35:48,182 - ForkProcess-1 - MainThread - INFO - [../instances/ClassicBenchmark/jobshop_la11] GA completed: makespan=1381, time=0.35s
2025-03-10 17:35:48,183 - ForkProcess-1 - MainThread - INFO - [../instances/ClassicBenchmark/jobshop_la11] Running Hybrid solver...
2025-03-10 17:35:48,942 - ForkProcess-1 - MainThread - INFO - [../instances/ClassicBenchmark/jobshop_la11] Hybrid completed: makespan=1232, time=0.64s
2025-03-10 17:35:48,944 - ForkProcess-1 - MainThread - INFO - [../instances/ClassicBenchmark/jobshop_la11] Experiment completed and results saved
2025-03-10 17:35:48,944 - MainProcess   - MainThread - INFO - Progress: 14/74 instances completed. jobshop_la11 succeeded
2025-03-10 17:35:48,945 - ForkProcess-1 - MainThread - INFO - Running experiment for instance ../instances/ClassicBenchmark/jobshop_la12
2025-03-10 17:35:48,946 - ForkProcess-1 - MainThread - INFO - [../instances/ClassicBenchmark/jobshop_la12] Running CP-SAT to find optimal solution...
2025-03-10 17:35:49,298 - ForkProcess-1 - MainThread - INFO - [../instances/ClassicBenchmark/jobshop_la12] CP-SAT completed: makespan=1039, time=0.30s
2025-03-10 17:35:49,299 - ForkProcess-1 - MainThread - INFO - [../instances/ClassicBenchmark/jobshop_la12] Running Hybrid solver with limiter...
2025-03-10 17:35:49,789 - ForkProcess-1 - MainThread - INFO - [../instances/ClassicBenchmark/jobshop_la12] Hybrid limiter completed: makespan=1091, time=0.35s
2025-03-10 17:35:49,790 - ForkProcess-1 - MainThread - INFO - [../instances/ClassicBenchmark/jobshop_la12] Running GA solver...
2025-03-10 17:35:50,373 - ForkProcess-1 - MainThread - INFO - [../instances/ClassicBenchmark/jobshop_la12] GA completed: makespan=1152, time=0.52s
2025-03-10 17:35:50,373 - ForkProcess-1 - MainThread - INFO - [../instances/ClassicBenchmark/jobshop_la12] Running Hybrid solver...
2025-03-10 17:35:50,907 - ForkProcess-1 - MainThread - INFO - [../instances/ClassicBenchmark/jobshop_la12] Hybrid completed: makespan=1106, time=0.42s
2025-03-10 17:35:50,912 - ForkProcess-1 - MainThread - INFO - [../instances/ClassicBenchmark/jobshop_la12] Experiment completed and results saved
2025-03-10 17:35:50,913 - MainProcess   - MainThread - INFO - Progress: 15/74 instances completed. jobshop_la12 succeeded
2025-03-10 17:35:50,913 - ForkProcess-1 - MainThread - INFO - Running experiment for instance ../instances/ClassicBenchmark/jobshop_la13
2025-03-10 17:35:50,926 - ForkProcess-1 - MainThread - INFO - [../instances/ClassicBenchmark/jobshop_la13] Running CP-SAT to find optimal solution...
2025-03-10 17:35:51,233 - ForkProcess-1 - MainThread - INFO - [../instances/ClassicBenchmark/jobshop_la13] CP-SAT completed: makespan=1150, time=0.25s
2025-03-10 17:35:51,234 - ForkProcess-1 - MainThread - INFO - [../instances/ClassicBenchmark/jobshop_la13] Running Hybrid solver with limiter...
2025-03-10 17:35:51,763 - ForkProcess-1 - MainThread - INFO - [../instances/ClassicBenchmark/jobshop_la13] Hybrid limiter completed: makespan=1151, time=0.32s
2025-03-10 17:35:51,774 - ForkProcess-1 - MainThread - INFO - [../instances/ClassicBenchmark/jobshop_la13] Running GA solver...
2025-03-10 17:35:52,226 - ForkProcess-1 - MainThread - INFO - [../instances/ClassicBenchmark/jobshop_la13] GA completed: makespan=1344, time=0.42s
2025-03-10 17:35:52,227 - ForkProcess-1 - MainThread - INFO - [../instances/ClassicBenchmark/jobshop_la13] Running Hybrid solver...
2025-03-10 17:35:52,895 - ForkProcess-1 - MainThread - INFO - [../instances/ClassicBenchmark/jobshop_la13] Hybrid completed: makespan=1166, time=0.53s
2025-03-10 17:35:52,919 - ForkProcess-1 - MainThread - INFO - [../instances/ClassicBenchmark/jobshop_la13] Experiment completed and results saved
2025-03-10 17:35:52,920 - MainProcess   - MainThread - INFO - Progress: 16/74 instances completed. jobshop_la13 succeeded
2025-03-10 17:35:52,920 - ForkProcess-1 - MainThread - INFO - Running experiment for instance ../instances/ClassicBenchmark/jobshop_la14
2025-03-10 17:35:52,921 - ForkProcess-1 - MainThread - INFO - [../instances/ClassicBenchmark/jobshop_la14] Running CP-SAT to find optimal solution...
2025-03-10 17:35:53,237 - ForkProcess-1 - MainThread - INFO - [../instances/ClassicBenchmark/jobshop_la14] CP-SAT completed: makespan=1292, time=0.26s
2025-03-10 17:35:53,246 - ForkProcess-1 - MainThread - INFO - [../instances/ClassicBenchmark/jobshop_la14] Running Hybrid solver with limiter...
2025-03-10 17:35:53,704 - ForkProcess-1 - MainThread - INFO - [../instances/ClassicBenchmark/jobshop_la14] Hybrid limiter completed: makespan=1292, time=0.33s
2025-03-10 17:35:53,714 - ForkProcess-1 - MainThread - INFO - [../instances/ClassicBenchmark/jobshop_la14] Running GA solver...
2025-03-10 17:35:54,243 - ForkProcess-1 - MainThread - INFO - [../instances/ClassicBenchmark/jobshop_la14] GA completed: makespan=1330, time=0.41s
2025-03-10 17:35:54,262 - ForkProcess-1 - MainThread - INFO - [../instances/ClassicBenchmark/jobshop_la14] Running Hybrid solver...
2025-03-10 17:35:54,534 - ForkProcess-1 - MainThread - INFO - [../instances/ClassicBenchmark/jobshop_la14] Hybrid completed: makespan=1292, time=0.21s
2025-03-10 17:35:54,535 - ForkProcess-1 - MainThread - INFO - [../instances/ClassicBenchmark/jobshop_la14] Experiment completed and results saved
2025-03-10 17:35:54,535 - MainProcess   - MainThread - INFO - Progress: 17/74 instances completed. jobshop_la14 succeeded
2025-03-10 17:35:54,536 - ForkProcess-1 - MainThread - INFO - Running experiment for instance ../instances/ClassicBenchmark/jobshop_la15
2025-03-10 17:35:54,536 - ForkProcess-1 - MainThread - INFO - [../instances/ClassicBenchmark/jobshop_la15] Running CP-SAT to find optimal solution...
2025-03-10 17:35:54,971 - ForkProcess-1 - MainThread - INFO - [../instances/ClassicBenchmark/jobshop_la15] CP-SAT completed: makespan=1207, time=0.40s
2025-03-10 17:35:54,972 - ForkProcess-1 - MainThread - INFO - [../instances/ClassicBenchmark/jobshop_la15] Running Hybrid solver with limiter...
2025-03-10 17:35:55,532 - ForkProcess-1 - MainThread - INFO - [../instances/ClassicBenchmark/jobshop_la15] Hybrid limiter completed: makespan=1343, time=0.49s
2025-03-10 17:35:55,542 - ForkProcess-1 - MainThread - INFO - [../instances/ClassicBenchmark/jobshop_la15] Running GA solver...
2025-03-10 17:35:56,157 - ForkProcess-1 - MainThread - INFO - [../instances/ClassicBenchmark/jobshop_la15] GA completed: makespan=1568, time=0.57s
2025-03-10 17:35:56,166 - ForkProcess-1 - MainThread - INFO - [../instances/ClassicBenchmark/jobshop_la15] Running Hybrid solver...
2025-03-10 17:35:56,514 - ForkProcess-5 - MainThread - INFO - [../instances/ClassicBenchmark/jobshop_ft10] Hybrid limiter completed: makespan=1108, time=21.93s
2025-03-10 17:35:56,538 - ForkProcess-5 - MainThread - INFO - [../instances/ClassicBenchmark/jobshop_ft10] Running GA solver...
2025-03-10 17:35:56,820 - ForkProcess-1 - MainThread - INFO - [../instances/ClassicBenchmark/jobshop_la15] Hybrid completed: makespan=1315, time=0.50s
2025-03-10 17:35:56,820 - ForkProcess-1 - MainThread - INFO - [../instances/ClassicBenchmark/jobshop_la15] Experiment completed and results saved
2025-03-10 17:35:56,821 - MainProcess   - MainThread - INFO - Progress: 18/74 instances completed. jobshop_la15 succeeded
2025-03-10 17:35:56,821 - ForkProcess-1 - MainThread - INFO - Running experiment for instance ../instances/ClassicBenchmark/jobshop_la16
2025-03-10 17:35:56,821 - ForkProcess-1 - MainThread - INFO - [../instances/ClassicBenchmark/jobshop_la16] Running CP-SAT to find optimal solution...
2025-03-10 17:35:58,250 - ForkProcess-1 - MainThread - INFO - [../instances/ClassicBenchmark/jobshop_la16] CP-SAT completed: makespan=945, time=1.35s
2025-03-10 17:35:58,263 - ForkProcess-1 - MainThread - INFO - [../instances/ClassicBenchmark/jobshop_la16] Running Hybrid solver with limiter...
2025-03-10 17:35:59,325 - ForkProcess-2 - MainThread - INFO - [../instances/ClassicBenchmark/jobshop_abz5] GA completed: makespan=1391, time=15.90s
2025-03-10 17:35:59,326 - ForkProcess-2 - MainThread - INFO - [../instances/ClassicBenchmark/jobshop_abz5] Running Hybrid solver...
2025-03-10 17:36:00,051 - ForkProcess-1 - MainThread - INFO - [../instances/ClassicBenchmark/jobshop_la16] Hybrid limiter completed: makespan=1048, time=1.65s
2025-03-10 17:36:00,062 - ForkProcess-1 - MainThread - INFO - [../instances/ClassicBenchmark/jobshop_la16] Running GA solver...
2025-03-10 17:36:01,692 - ForkProcess-1 - MainThread - INFO - [../instances/ClassicBenchmark/jobshop_la16] GA completed: makespan=1190, time=1.52s
2025-03-10 17:36:01,718 - ForkProcess-1 - MainThread - INFO - [../instances/ClassicBenchmark/jobshop_la16] Running Hybrid solver...
2025-03-10 17:36:03,173 - ForkProcess-1 - MainThread - INFO - [../instances/ClassicBenchmark/jobshop_la16] Hybrid completed: makespan=981, time=1.21s
2025-03-10 17:36:03,198 - ForkProcess-1 - MainThread - INFO - [../instances/ClassicBenchmark/jobshop_la16] Experiment completed and results saved
2025-03-10 17:36:03,199 - MainProcess   - MainThread - INFO - Progress: 19/74 instances completed. jobshop_la16 succeeded
2025-03-10 17:36:03,200 - ForkProcess-1 - MainThread - INFO - Running experiment for instance ../instances/ClassicBenchmark/jobshop_la17
2025-03-10 17:36:03,200 - ForkProcess-1 - MainThread - INFO - [../instances/ClassicBenchmark/jobshop_la17] Running CP-SAT to find optimal solution...
2025-03-10 17:36:03,570 - ForkProcess-1 - MainThread - INFO - [../instances/ClassicBenchmark/jobshop_la17] CP-SAT completed: makespan=784, time=0.33s
2025-03-10 17:36:03,590 - ForkProcess-1 - MainThread - INFO - [../instances/ClassicBenchmark/jobshop_la17] Running Hybrid solver with limiter...
2025-03-10 17:36:04,112 - ForkProcess-1 - MainThread - INFO - [../instances/ClassicBenchmark/jobshop_la17] Hybrid limiter completed: makespan=843, time=0.42s
2025-03-10 17:36:04,112 - ForkProcess-1 - MainThread - INFO - [../instances/ClassicBenchmark/jobshop_la17] Running GA solver...
2025-03-10 17:36:04,611 - ForkProcess-1 - MainThread - INFO - [../instances/ClassicBenchmark/jobshop_la17] GA completed: makespan=1040, time=0.45s
2025-03-10 17:36:04,626 - ForkProcess-1 - MainThread - INFO - [../instances/ClassicBenchmark/jobshop_la17] Running Hybrid solver...
2025-03-10 17:36:04,882 - ForkProcess-1 - MainThread - INFO - [../instances/ClassicBenchmark/jobshop_la17] Hybrid completed: makespan=784, time=0.20s
2025-03-10 17:36:04,883 - ForkProcess-1 - MainThread - INFO - [../instances/ClassicBenchmark/jobshop_la17] Experiment completed and results saved
2025-03-10 17:36:04,883 - MainProcess   - MainThread - INFO - Progress: 20/74 instances completed. jobshop_la17 succeeded
2025-03-10 17:36:04,884 - ForkProcess-1 - MainThread - INFO - Running experiment for instance ../instances/ClassicBenchmark/jobshop_la18
2025-03-10 17:36:04,884 - ForkProcess-1 - MainThread - INFO - [../instances/ClassicBenchmark/jobshop_la18] Running CP-SAT to find optimal solution...
2025-03-10 17:36:05,703 - ForkProcess-1 - MainThread - INFO - [../instances/ClassicBenchmark/jobshop_la18] CP-SAT completed: makespan=848, time=0.75s
2025-03-10 17:36:05,718 - ForkProcess-1 - MainThread - INFO - [../instances/ClassicBenchmark/jobshop_la18] Running Hybrid solver with limiter...
2025-03-10 17:36:06,821 - ForkProcess-1 - MainThread - INFO - [../instances/ClassicBenchmark/jobshop_la18] Hybrid limiter completed: makespan=961, time=0.95s
2025-03-10 17:36:06,850 - ForkProcess-1 - MainThread - INFO - [../instances/ClassicBenchmark/jobshop_la18] Running GA solver...
2025-03-10 17:36:07,757 - ForkProcess-1 - MainThread - INFO - [../instances/ClassicBenchmark/jobshop_la18] GA completed: makespan=1143, time=0.87s
2025-03-10 17:36:07,778 - ForkProcess-1 - MainThread - INFO - [../instances/ClassicBenchmark/jobshop_la18] Running Hybrid solver...
2025-03-10 17:36:08,586 - ForkProcess-1 - MainThread - INFO - [../instances/ClassicBenchmark/jobshop_la18] Hybrid completed: makespan=876, time=0.69s
2025-03-10 17:36:08,595 - ForkProcess-1 - MainThread - INFO - [../instances/ClassicBenchmark/jobshop_la18] Experiment completed and results saved
2025-03-10 17:36:08,596 - MainProcess   - MainThread - INFO - Progress: 21/74 instances completed. jobshop_la18 succeeded
2025-03-10 17:36:08,596 - ForkProcess-1 - MainThread - INFO - Running experiment for instance ../instances/ClassicBenchmark/jobshop_la19
2025-03-10 17:36:08,597 - ForkProcess-1 - MainThread - INFO - [../instances/ClassicBenchmark/jobshop_la19] Running CP-SAT to find optimal solution...
2025-03-10 17:36:10,522 - ForkProcess-2 - MainThread - INFO - [../instances/ClassicBenchmark/jobshop_abz5] Hybrid completed: makespan=1234, time=11.07s
2025-03-10 17:36:10,524 - ForkProcess-2 - MainThread - INFO - [../instances/ClassicBenchmark/jobshop_abz5] Experiment completed and results saved
2025-03-10 17:36:10,525 - MainProcess   - MainThread - INFO - Progress: 22/74 instances completed. jobshop_abz5 succeeded
2025-03-10 17:36:10,525 - ForkProcess-2 - MainThread - INFO - Running experiment for instance ../instances/ClassicBenchmark/jobshop_la20
2025-03-10 17:36:10,526 - ForkProcess-2 - MainThread - INFO - [../instances/ClassicBenchmark/jobshop_la20] Running CP-SAT to find optimal solution...
2025-03-10 17:36:12,007 - ForkProcess-2 - MainThread - INFO - [../instances/ClassicBenchmark/jobshop_la20] CP-SAT completed: makespan=902, time=1.36s
2025-03-10 17:36:12,008 - ForkProcess-2 - MainThread - INFO - [../instances/ClassicBenchmark/jobshop_la20] Running Hybrid solver with limiter...
2025-03-10 17:36:12,306 - ForkProcess-1 - MainThread - INFO - [../instances/ClassicBenchmark/jobshop_la19] CP-SAT completed: makespan=842, time=3.66s
2025-03-10 17:36:12,307 - ForkProcess-1 - MainThread - INFO - [../instances/ClassicBenchmark/jobshop_la19] Running Hybrid solver with limiter...
2025-03-10 17:36:13,650 - ForkProcess-2 - MainThread - INFO - [../instances/ClassicBenchmark/jobshop_la20] Hybrid limiter completed: makespan=964, time=1.52s
2025-03-10 17:36:13,674 - ForkProcess-2 - MainThread - INFO - [../instances/ClassicBenchmark/jobshop_la20] Running GA solver...
2025-03-10 17:36:15,149 - ForkProcess-2 - MainThread - INFO - [../instances/ClassicBenchmark/jobshop_la20] GA completed: makespan=1170, time=1.40s
2025-03-10 17:36:15,170 - ForkProcess-2 - MainThread - INFO - [../instances/ClassicBenchmark/jobshop_la20] Running Hybrid solver...
2025-03-10 17:36:16,346 - ForkProcess-2 - MainThread - INFO - [../instances/ClassicBenchmark/jobshop_la20] Hybrid completed: makespan=908, time=1.03s
2025-03-10 17:36:16,359 - ForkProcess-2 - MainThread - INFO - [../instances/ClassicBenchmark/jobshop_la20] Experiment completed and results saved
2025-03-10 17:36:16,360 - MainProcess   - MainThread - INFO - Progress: 23/74 instances completed. jobshop_la20 succeeded
2025-03-10 17:36:16,361 - ForkProcess-2 - MainThread - INFO - Running experiment for instance ../instances/ClassicBenchmark/jobshop_la21
2025-03-10 17:36:16,361 - ForkProcess-2 - MainThread - INFO - [../instances/ClassicBenchmark/jobshop_la21] Running CP-SAT to find optimal solution...
2025-03-10 17:36:16,381 - ForkProcess-1 - MainThread - INFO - [../instances/ClassicBenchmark/jobshop_la19] Hybrid limiter completed: makespan=974, time=3.92s
2025-03-10 17:36:16,382 - ForkProcess-1 - MainThread - INFO - [../instances/ClassicBenchmark/jobshop_la19] Running GA solver...
2025-03-10 17:36:18,525 - ForkProcess-5 - MainThread - INFO - [../instances/ClassicBenchmark/jobshop_ft10] GA completed: makespan=1046, time=21.94s
2025-03-10 17:36:18,547 - ForkProcess-5 - MainThread - INFO - [../instances/ClassicBenchmark/jobshop_ft10] Running Hybrid solver...
2025-03-10 17:36:20,313 - ForkProcess-1 - MainThread - INFO - [../instances/ClassicBenchmark/jobshop_la19] GA completed: makespan=1071, time=3.83s
2025-03-10 17:36:20,338 - ForkProcess-1 - MainThread - INFO - [../instances/ClassicBenchmark/jobshop_la19] Running Hybrid solver...
2025-03-10 17:36:23,308 - ForkProcess-1 - MainThread - INFO - [../instances/ClassicBenchmark/jobshop_la19] Hybrid completed: makespan=846, time=2.74s
2025-03-10 17:36:23,335 - ForkProcess-1 - MainThread - INFO - [../instances/ClassicBenchmark/jobshop_la19] Experiment completed and results saved
2025-03-10 17:36:23,336 - MainProcess   - MainThread - INFO - Progress: 24/74 instances completed. jobshop_la19 succeeded
2025-03-10 17:36:23,336 - ForkProcess-1 - MainThread - INFO - Running experiment for instance ../instances/ClassicBenchmark/jobshop_la22
2025-03-10 17:36:23,337 - ForkProcess-1 - MainThread - INFO - [../instances/ClassicBenchmark/jobshop_la22] Running CP-SAT to find optimal solution...
2025-03-10 17:36:32,009 - ForkProcess-1 - MainThread - INFO - [../instances/ClassicBenchmark/jobshop_la22] CP-SAT completed: makespan=927, time=8.62s
2025-03-10 17:36:32,009 - ForkProcess-1 - MainThread - INFO - [../instances/ClassicBenchmark/jobshop_la22] Running Hybrid solver with limiter...
2025-03-10 17:36:34,355 - ForkProcess-5 - MainThread - INFO - [../instances/ClassicBenchmark/jobshop_ft10] Hybrid completed: makespan=943, time=15.50s
2025-03-10 17:36:34,356 - ForkProcess-5 - MainThread - INFO - [../instances/ClassicBenchmark/jobshop_ft10] Experiment completed and results saved
2025-03-10 17:36:34,357 - MainProcess   - MainThread - INFO - Progress: 25/74 instances completed. jobshop_ft10 succeeded
2025-03-10 17:36:34,357 - ForkProcess-5 - MainThread - INFO - Running experiment for instance ../instances/ClassicBenchmark/jobshop_la23
2025-03-10 17:36:34,366 - ForkProcess-5 - MainThread - INFO - [../instances/ClassicBenchmark/jobshop_la23] Running CP-SAT to find optimal solution...
2025-03-10 17:36:35,103 - ForkProcess-5 - MainThread - INFO - [../instances/ClassicBenchmark/jobshop_la23] CP-SAT completed: makespan=1032, time=0.61s
2025-03-10 17:36:35,118 - ForkProcess-5 - MainThread - INFO - [../instances/ClassicBenchmark/jobshop_la23] Running Hybrid solver with limiter...
2025-03-10 17:36:36,493 - ForkProcess-5 - MainThread - INFO - [../instances/ClassicBenchmark/jobshop_la23] Hybrid limiter completed: makespan=1169, time=1.19s
2025-03-10 17:36:36,493 - ForkProcess-5 - MainThread - INFO - [../instances/ClassicBenchmark/jobshop_la23] Running GA solver...
2025-03-10 17:36:37,552 - ForkProcess-5 - MainThread - INFO - [../instances/ClassicBenchmark/jobshop_la23] GA completed: makespan=1579, time=0.99s
2025-03-10 17:36:37,570 - ForkProcess-5 - MainThread - INFO - [../instances/ClassicBenchmark/jobshop_la23] Running Hybrid solver...
2025-03-10 17:36:38,735 - ForkProcess-5 - MainThread - INFO - [../instances/ClassicBenchmark/jobshop_la23] Hybrid completed: makespan=1060, time=0.93s
2025-03-10 17:36:38,736 - ForkProcess-5 - MainThread - INFO - [../instances/ClassicBenchmark/jobshop_la23] Experiment completed and results saved
2025-03-10 17:36:38,737 - MainProcess   - MainThread - INFO - Progress: 26/74 instances completed. jobshop_la23 succeeded
2025-03-10 17:36:38,738 - ForkProcess-5 - MainThread - INFO - Running experiment for instance ../instances/ClassicBenchmark/jobshop_la24
2025-03-10 17:36:38,750 - ForkProcess-5 - MainThread - INFO - [../instances/ClassicBenchmark/jobshop_la24] Running CP-SAT to find optimal solution...
2025-03-10 17:36:40,878 - ForkProcess-1 - MainThread - INFO - [../instances/ClassicBenchmark/jobshop_la22] Hybrid limiter completed: makespan=1076, time=8.68s
2025-03-10 17:36:40,878 - ForkProcess-1 - MainThread - INFO - [../instances/ClassicBenchmark/jobshop_la22] Running GA solver...
2025-03-10 17:36:50,111 - ForkProcess-1 - MainThread - INFO - [../instances/ClassicBenchmark/jobshop_la22] GA completed: makespan=1240, time=9.11s
2025-03-10 17:36:50,118 - ForkProcess-1 - MainThread - INFO - [../instances/ClassicBenchmark/jobshop_la22] Running Hybrid solver...
2025-03-10 17:36:56,527 - ForkProcess-1 - MainThread - INFO - [../instances/ClassicBenchmark/jobshop_la22] Hybrid completed: makespan=940, time=6.12s
2025-03-10 17:36:56,543 - ForkProcess-1 - MainThread - INFO - [../instances/ClassicBenchmark/jobshop_la22] Experiment completed and results saved
2025-03-10 17:36:56,544 - MainProcess   - MainThread - INFO - Progress: 27/74 instances completed. jobshop_la22 succeeded
2025-03-10 17:36:56,544 - ForkProcess-1 - MainThread - INFO - Running experiment for instance ../instances/ClassicBenchmark/jobshop_la25
2025-03-10 17:36:56,546 - ForkProcess-1 - MainThread - INFO - [../instances/ClassicBenchmark/jobshop_la25] Running CP-SAT to find optimal solution...
2025-03-10 17:38:07,260 - ForkProcess-5 - MainThread - INFO - [../instances/ClassicBenchmark/jobshop_la24] CP-SAT completed: makespan=935, time=88.35s
2025-03-10 17:38:07,290 - ForkProcess-5 - MainThread - INFO - [../instances/ClassicBenchmark/jobshop_la24] Running Hybrid solver with limiter...
2025-03-10 17:38:36,019 - ForkProcess-1 - MainThread - INFO - [../instances/ClassicBenchmark/jobshop_la25] CP-SAT completed: makespan=977, time=99.30s
2025-03-10 17:38:36,034 - ForkProcess-1 - MainThread - INFO - [../instances/ClassicBenchmark/jobshop_la25] Running Hybrid solver with limiter...
2025-03-10 17:39:36,374 - ForkProcess-5 - MainThread - INFO - [../instances/ClassicBenchmark/jobshop_la24] Hybrid limiter completed: makespan=1019, time=88.79s
2025-03-10 17:39:36,374 - ForkProcess-5 - MainThread - INFO - [../instances/ClassicBenchmark/jobshop_la24] Running GA solver...
2025-03-10 17:40:15,846 - ForkProcess-1 - MainThread - INFO - [../instances/ClassicBenchmark/jobshop_la25] Hybrid limiter completed: makespan=1074, time=99.36s
2025-03-10 17:40:15,846 - ForkProcess-1 - MainThread - INFO - [../instances/ClassicBenchmark/jobshop_la25] Running GA solver...
2025-03-10 17:41:05,004 - ForkProcess-5 - MainThread - INFO - [../instances/ClassicBenchmark/jobshop_la24] GA completed: makespan=1085, time=88.56s
2025-03-10 17:41:05,005 - ForkProcess-5 - MainThread - INFO - [../instances/ClassicBenchmark/jobshop_la24] Running Hybrid solver...
2025-03-10 17:41:38,262 - ForkProcess-2 - MainThread - INFO - [../instances/ClassicBenchmark/jobshop_la21] CP-SAT completed: makespan=1046, time=321.87s
2025-03-10 17:41:38,263 - ForkProcess-2 - MainThread - INFO - [../instances/ClassicBenchmark/jobshop_la21] Running Hybrid solver with limiter...
2025-03-10 17:41:55,402 - ForkProcess-1 - MainThread - INFO - [../instances/ClassicBenchmark/jobshop_la25] GA completed: makespan=1117, time=99.49s
2025-03-10 17:41:55,426 - ForkProcess-1 - MainThread - INFO - [../instances/ClassicBenchmark/jobshop_la25] Running Hybrid solver...
2025-03-10 17:42:07,063 - ForkProcess-5 - MainThread - INFO - [../instances/ClassicBenchmark/jobshop_la24] Hybrid completed: makespan=935, time=61.87s
2025-03-10 17:42:07,064 - ForkProcess-5 - MainThread - INFO - [../instances/ClassicBenchmark/jobshop_la24] Experiment completed and results saved
2025-03-10 17:42:07,065 - MainProcess   - MainThread - INFO - Progress: 28/74 instances completed. jobshop_la24 succeeded
2025-03-10 17:42:07,066 - ForkProcess-5 - MainThread - INFO - Running experiment for instance ../instances/ClassicBenchmark/jobshop_la26
2025-03-10 17:42:07,066 - ForkProcess-5 - MainThread - INFO - [../instances/ClassicBenchmark/jobshop_la26] Running CP-SAT to find optimal solution...
2025-03-10 17:42:10,966 - ForkProcess-5 - MainThread - INFO - [../instances/ClassicBenchmark/jobshop_la26] CP-SAT completed: makespan=1218, time=3.83s
2025-03-10 17:42:10,970 - ForkProcess-5 - MainThread - INFO - [../instances/ClassicBenchmark/jobshop_la26] Running Hybrid solver with limiter...
2025-03-10 17:42:15,193 - ForkProcess-5 - MainThread - INFO - [../instances/ClassicBenchmark/jobshop_la26] Hybrid limiter completed: makespan=1414, time=4.06s
2025-03-10 17:42:15,226 - ForkProcess-5 - MainThread - INFO - [../instances/ClassicBenchmark/jobshop_la26] Running GA solver...
2025-03-10 17:42:19,560 - ForkProcess-5 - MainThread - INFO - [../instances/ClassicBenchmark/jobshop_la26] GA completed: makespan=1891, time=4.26s
2025-03-10 17:42:19,586 - ForkProcess-5 - MainThread - INFO - [../instances/ClassicBenchmark/jobshop_la26] Running Hybrid solver...
2025-03-10 17:42:22,768 - ForkProcess-5 - MainThread - INFO - [../instances/ClassicBenchmark/jobshop_la26] Hybrid completed: makespan=1227, time=3.04s
2025-03-10 17:42:22,769 - ForkProcess-5 - MainThread - INFO - [../instances/ClassicBenchmark/jobshop_la26] Experiment completed and results saved
2025-03-10 17:42:22,770 - MainProcess   - MainThread - INFO - Progress: 29/74 instances completed. jobshop_la26 succeeded
2025-03-10 17:42:22,771 - ForkProcess-5 - MainThread - INFO - Running experiment for instance ../instances/ClassicBenchmark/jobshop_la27
2025-03-10 17:42:22,772 - ForkProcess-5 - MainThread - INFO - [../instances/ClassicBenchmark/jobshop_la27] Running CP-SAT to find optimal solution...
2025-03-10 17:43:05,315 - ForkProcess-1 - MainThread - INFO - [../instances/ClassicBenchmark/jobshop_la25] Hybrid completed: makespan=977, time=69.68s
2025-03-10 17:43:05,323 - ForkProcess-1 - MainThread - INFO - [../instances/ClassicBenchmark/jobshop_la25] Experiment completed and results saved
2025-03-10 17:43:05,324 - MainProcess   - MainThread - INFO - Progress: 30/74 instances completed. jobshop_la25 succeeded
2025-03-10 17:43:05,325 - ForkProcess-1 - MainThread - INFO - Running experiment for instance ../instances/ClassicBenchmark/jobshop_la28
2025-03-10 17:43:05,325 - ForkProcess-1 - MainThread - INFO - [../instances/ClassicBenchmark/jobshop_la28] Running CP-SAT to find optimal solution...
2025-03-10 17:43:14,873 - ForkProcess-1 - MainThread - INFO - [../instances/ClassicBenchmark/jobshop_la28] CP-SAT completed: makespan=1216, time=9.38s
2025-03-10 17:43:14,882 - ForkProcess-1 - MainThread - INFO - [../instances/ClassicBenchmark/jobshop_la28] Running Hybrid solver with limiter...
2025-03-10 17:43:25,230 - ForkProcess-1 - MainThread - INFO - [../instances/ClassicBenchmark/jobshop_la28] Hybrid limiter completed: makespan=1476, time=9.91s
2025-03-10 17:43:25,266 - ForkProcess-1 - MainThread - INFO - [../instances/ClassicBenchmark/jobshop_la28] Running GA solver...
2025-03-10 17:43:35,225 - ForkProcess-1 - MainThread - INFO - [../instances/ClassicBenchmark/jobshop_la28] GA completed: makespan=1668, time=9.86s
2025-03-10 17:43:35,249 - ForkProcess-1 - MainThread - INFO - [../instances/ClassicBenchmark/jobshop_la28] Running Hybrid solver...
2025-03-10 17:43:37,911 - ForkProcess-5 - MainThread - INFO - [../instances/ClassicBenchmark/jobshop_la27] CP-SAT completed: makespan=1235, time=75.04s
2025-03-10 17:43:37,912 - ForkProcess-5 - MainThread - INFO - [../instances/ClassicBenchmark/jobshop_la27] Running Hybrid solver with limiter...
2025-03-10 17:43:42,282 - ForkProcess-1 - MainThread - INFO - [../instances/ClassicBenchmark/jobshop_la28] Hybrid completed: makespan=1249, time=6.78s
2025-03-10 17:43:42,283 - ForkProcess-1 - MainThread - INFO - [../instances/ClassicBenchmark/jobshop_la28] Experiment completed and results saved
2025-03-10 17:43:42,284 - MainProcess   - MainThread - INFO - Progress: 31/74 instances completed. jobshop_la28 succeeded
2025-03-10 17:43:42,284 - ForkProcess-1 - MainThread - INFO - Running experiment for instance ../instances/ClassicBenchmark/jobshop_la29
2025-03-10 17:43:42,284 - ForkProcess-1 - MainThread - INFO - [../instances/ClassicBenchmark/jobshop_la29] Running CP-SAT to find optimal solution...
2025-03-10 17:43:52,775 - ForkProcess-3 - MainThread - INFO - [../instances/ClassicBenchmark/jobshop_abz7] CP-SAT completed: makespan=656, time=521.13s
2025-03-10 17:43:52,776 - ForkProcess-3 - MainThread - INFO - [../instances/ClassicBenchmark/jobshop_abz7] Running Hybrid solver with limiter...
2025-03-10 17:44:53,144 - ForkProcess-5 - MainThread - INFO - [../instances/ClassicBenchmark/jobshop_la27] Hybrid limiter completed: makespan=1397, time=75.06s
2025-03-10 17:44:53,150 - ForkProcess-5 - MainThread - INFO - [../instances/ClassicBenchmark/jobshop_la27] Running GA solver...
2025-03-10 17:45:04,140 - ForkProcess-2 - MainThread - INFO - [../instances/ClassicBenchmark/jobshop_la21] Hybrid limiter completed: makespan=1146, time=205.77s
2025-03-10 17:45:04,162 - ForkProcess-2 - MainThread - INFO - [../instances/ClassicBenchmark/jobshop_la21] Running GA solver...
2025-03-10 17:46:08,561 - ForkProcess-5 - MainThread - INFO - [../instances/ClassicBenchmark/jobshop_la27] GA completed: makespan=1487, time=75.36s
2025-03-10 17:46:08,578 - ForkProcess-5 - MainThread - INFO - [../instances/ClassicBenchmark/jobshop_la27] Running Hybrid solver...
2025-03-10 17:47:01,610 - ForkProcess-5 - MainThread - INFO - [../instances/ClassicBenchmark/jobshop_la27] Hybrid completed: makespan=1242, time=52.87s
2025-03-10 17:47:01,635 - ForkProcess-5 - MainThread - INFO - [../instances/ClassicBenchmark/jobshop_la27] Experiment completed and results saved
2025-03-10 17:47:01,636 - MainProcess   - MainThread - INFO - Progress: 32/74 instances completed. jobshop_la27 succeeded
2025-03-10 17:47:01,637 - ForkProcess-5 - MainThread - INFO - Running experiment for instance ../instances/ClassicBenchmark/jobshop_la30
2025-03-10 17:47:01,637 - ForkProcess-5 - MainThread - INFO - [../instances/ClassicBenchmark/jobshop_la30] Running CP-SAT to find optimal solution...
2025-03-10 17:47:02,390 - ForkProcess-5 - MainThread - INFO - [../instances/ClassicBenchmark/jobshop_la30] CP-SAT completed: makespan=1355, time=0.65s
2025-03-10 17:47:02,390 - ForkProcess-5 - MainThread - INFO - [../instances/ClassicBenchmark/jobshop_la30] Running Hybrid solver with limiter...
2025-03-10 17:47:03,600 - ForkProcess-5 - MainThread - INFO - [../instances/ClassicBenchmark/jobshop_la30] Hybrid limiter completed: makespan=1565, time=1.02s
2025-03-10 17:47:03,610 - ForkProcess-5 - MainThread - INFO - [../instances/ClassicBenchmark/jobshop_la30] Running GA solver...
2025-03-10 17:47:04,666 - ForkProcess-5 - MainThread - INFO - [../instances/ClassicBenchmark/jobshop_la30] GA completed: makespan=2078, time=0.97s
2025-03-10 17:47:04,678 - ForkProcess-5 - MainThread - INFO - [../instances/ClassicBenchmark/jobshop_la30] Running Hybrid solver...
2025-03-10 17:47:05,754 - ForkProcess-5 - MainThread - INFO - [../instances/ClassicBenchmark/jobshop_la30] Hybrid completed: makespan=1399, time=0.89s
2025-03-10 17:47:05,775 - ForkProcess-5 - MainThread - INFO - [../instances/ClassicBenchmark/jobshop_la30] Experiment completed and results saved
2025-03-10 17:47:05,776 - MainProcess   - MainThread - INFO - Progress: 33/74 instances completed. jobshop_la30 succeeded
2025-03-10 17:47:05,777 - ForkProcess-5 - MainThread - INFO - Running experiment for instance ../instances/ClassicBenchmark/jobshop_la31
2025-03-10 17:47:05,777 - ForkProcess-5 - MainThread - INFO - [../instances/ClassicBenchmark/jobshop_la31] Running CP-SAT to find optimal solution...
2025-03-10 17:47:07,957 - ForkProcess-5 - MainThread - INFO - [../instances/ClassicBenchmark/jobshop_la31] CP-SAT completed: makespan=1784, time=2.05s
2025-03-10 17:47:07,986 - ForkProcess-5 - MainThread - INFO - [../instances/ClassicBenchmark/jobshop_la31] Running Hybrid solver with limiter...
2025-03-10 17:47:10,408 - ForkProcess-5 - MainThread - INFO - [../instances/ClassicBenchmark/jobshop_la31] Hybrid limiter completed: makespan=1928, time=2.09s
2025-03-10 17:47:10,418 - ForkProcess-5 - MainThread - INFO - [../instances/ClassicBenchmark/jobshop_la31] Running GA solver...
2025-03-10 17:47:13,286 - ForkProcess-5 - MainThread - INFO - [../instances/ClassicBenchmark/jobshop_la31] GA completed: makespan=2520, time=2.79s
2025-03-10 17:47:13,287 - ForkProcess-5 - MainThread - INFO - [../instances/ClassicBenchmark/jobshop_la31] Running Hybrid solver...
2025-03-10 17:47:15,133 - ForkProcess-5 - MainThread - INFO - [../instances/ClassicBenchmark/jobshop_la31] Hybrid completed: makespan=1867, time=1.60s
2025-03-10 17:47:15,155 - ForkProcess-5 - MainThread - INFO - [../instances/ClassicBenchmark/jobshop_la31] Experiment completed and results saved
2025-03-10 17:47:15,156 - MainProcess   - MainThread - INFO - Progress: 34/74 instances completed. jobshop_la31 succeeded
2025-03-10 17:47:15,157 - ForkProcess-5 - MainThread - INFO - Running experiment for instance ../instances/ClassicBenchmark/jobshop_la32
2025-03-10 17:47:15,166 - ForkProcess-5 - MainThread - INFO - [../instances/ClassicBenchmark/jobshop_la32] Running CP-SAT to find optimal solution...
2025-03-10 17:47:16,340 - ForkProcess-5 - MainThread - INFO - [../instances/ClassicBenchmark/jobshop_la32] CP-SAT completed: makespan=1850, time=1.01s
2025-03-10 17:47:16,350 - ForkProcess-5 - MainThread - INFO - [../instances/ClassicBenchmark/jobshop_la32] Running Hybrid solver with limiter...
2025-03-10 17:47:18,204 - ForkProcess-5 - MainThread - INFO - [../instances/ClassicBenchmark/jobshop_la32] Hybrid limiter completed: makespan=1875, time=1.49s
2025-03-10 17:47:18,205 - ForkProcess-5 - MainThread - INFO - [../instances/ClassicBenchmark/jobshop_la32] Running GA solver...
2025-03-10 17:47:19,603 - ForkProcess-5 - MainThread - INFO - [../instances/ClassicBenchmark/jobshop_la32] GA completed: makespan=2804, time=1.29s
2025-03-10 17:47:19,604 - ForkProcess-5 - MainThread - INFO - [../instances/ClassicBenchmark/jobshop_la32] Running Hybrid solver...
2025-03-10 17:47:21,211 - ForkProcess-5 - MainThread - INFO - [../instances/ClassicBenchmark/jobshop_la32] Hybrid completed: makespan=1865, time=1.43s
2025-03-10 17:47:21,227 - ForkProcess-5 - MainThread - INFO - [../instances/ClassicBenchmark/jobshop_la32] Experiment completed and results saved
2025-03-10 17:47:21,227 - MainProcess   - MainThread - INFO - Progress: 35/74 instances completed. jobshop_la32 succeeded
2025-03-10 17:47:21,229 - ForkProcess-5 - MainThread - INFO - Running experiment for instance ../instances/ClassicBenchmark/jobshop_la33
2025-03-10 17:47:21,229 - ForkProcess-5 - MainThread - INFO - [../instances/ClassicBenchmark/jobshop_la33] Running CP-SAT to find optimal solution...
2025-03-10 17:47:22,468 - ForkProcess-5 - MainThread - INFO - [../instances/ClassicBenchmark/jobshop_la33] CP-SAT completed: makespan=1719, time=1.06s
2025-03-10 17:47:22,469 - ForkProcess-5 - MainThread - INFO - [../instances/ClassicBenchmark/jobshop_la33] Running Hybrid solver with limiter...
2025-03-10 17:47:24,262 - ForkProcess-5 - MainThread - INFO - [../instances/ClassicBenchmark/jobshop_la33] Hybrid limiter completed: makespan=1875, time=1.62s
2025-03-10 17:47:24,286 - ForkProcess-5 - MainThread - INFO - [../instances/ClassicBenchmark/jobshop_la33] Running GA solver...
2025-03-10 17:47:25,654 - ForkProcess-5 - MainThread - INFO - [../instances/ClassicBenchmark/jobshop_la33] GA completed: makespan=2567, time=1.29s
2025-03-10 17:47:25,678 - ForkProcess-5 - MainThread - INFO - [../instances/ClassicBenchmark/jobshop_la33] Running Hybrid solver...
2025-03-10 17:47:27,503 - ForkProcess-5 - MainThread - INFO - [../instances/ClassicBenchmark/jobshop_la33] Hybrid completed: makespan=1802, time=1.58s
2025-03-10 17:47:27,516 - ForkProcess-5 - MainThread - INFO - [../instances/ClassicBenchmark/jobshop_la33] Experiment completed and results saved
2025-03-10 17:47:27,516 - MainProcess   - MainThread - INFO - Progress: 36/74 instances completed. jobshop_la33 succeeded
2025-03-10 17:47:27,525 - ForkProcess-5 - MainThread - INFO - Running experiment for instance ../instances/ClassicBenchmark/jobshop_la34
2025-03-10 17:47:27,526 - ForkProcess-5 - MainThread - INFO - [../instances/ClassicBenchmark/jobshop_la34] Running CP-SAT to find optimal solution...
2025-03-10 17:47:38,922 - ForkProcess-5 - MainThread - INFO - [../instances/ClassicBenchmark/jobshop_la34] CP-SAT completed: makespan=1721, time=11.27s
2025-03-10 17:47:38,934 - ForkProcess-5 - MainThread - INFO - [../instances/ClassicBenchmark/jobshop_la34] Running Hybrid solver with limiter...
2025-03-10 17:47:50,803 - ForkProcess-5 - MainThread - INFO - [../instances/ClassicBenchmark/jobshop_la34] Hybrid limiter completed: makespan=1911, time=11.68s
2025-03-10 17:47:50,803 - ForkProcess-5 - MainThread - INFO - [../instances/ClassicBenchmark/jobshop_la34] Running GA solver...
2025-03-10 17:48:02,629 - ForkProcess-5 - MainThread - INFO - [../instances/ClassicBenchmark/jobshop_la34] GA completed: makespan=2556, time=11.74s
2025-03-10 17:48:02,629 - ForkProcess-5 - MainThread - INFO - [../instances/ClassicBenchmark/jobshop_la34] Running Hybrid solver...
2025-03-10 17:48:11,125 - ForkProcess-5 - MainThread - INFO - [../instances/ClassicBenchmark/jobshop_la34] Hybrid completed: makespan=1771, time=8.23s
2025-03-10 17:48:11,147 - ForkProcess-5 - MainThread - INFO - [../instances/ClassicBenchmark/jobshop_la34] Experiment completed and results saved
2025-03-10 17:48:11,159 - MainProcess   - MainThread - INFO - Progress: 37/74 instances completed. jobshop_la34 succeeded
2025-03-10 17:48:11,160 - ForkProcess-5 - MainThread - INFO - Running experiment for instance ../instances/ClassicBenchmark/jobshop_la35
2025-03-10 17:48:11,161 - ForkProcess-5 - MainThread - INFO - [../instances/ClassicBenchmark/jobshop_la35] Running CP-SAT to find optimal solution...
2025-03-10 17:48:12,289 - ForkProcess-5 - MainThread - INFO - [../instances/ClassicBenchmark/jobshop_la35] CP-SAT completed: makespan=1888, time=1.05s
2025-03-10 17:48:12,294 - ForkProcess-5 - MainThread - INFO - [../instances/ClassicBenchmark/jobshop_la35] Running Hybrid solver with limiter...
2025-03-10 17:48:14,071 - ForkProcess-5 - MainThread - INFO - [../instances/ClassicBenchmark/jobshop_la35] Hybrid limiter completed: makespan=2044, time=1.49s
2025-03-10 17:48:14,094 - ForkProcess-5 - MainThread - INFO - [../instances/ClassicBenchmark/jobshop_la35] Running GA solver...
2025-03-10 17:48:15,659 - ForkProcess-5 - MainThread - INFO - [../instances/ClassicBenchmark/jobshop_la35] GA completed: makespan=2675, time=1.46s
2025-03-10 17:48:15,670 - ForkProcess-5 - MainThread - INFO - [../instances/ClassicBenchmark/jobshop_la35] Running Hybrid solver...
2025-03-10 17:48:17,390 - ForkProcess-5 - MainThread - INFO - [../instances/ClassicBenchmark/jobshop_la35] Hybrid completed: makespan=1993, time=1.48s
2025-03-10 17:48:17,391 - ForkProcess-5 - MainThread - INFO - [../instances/ClassicBenchmark/jobshop_la35] Experiment completed and results saved
2025-03-10 17:48:17,392 - MainProcess   - MainThread - INFO - Progress: 38/74 instances completed. jobshop_la35 succeeded
2025-03-10 17:48:17,393 - ForkProcess-5 - MainThread - INFO - Running experiment for instance ../instances/ClassicBenchmark/jobshop_la36
2025-03-10 17:48:17,394 - ForkProcess-5 - MainThread - INFO - [../instances/ClassicBenchmark/jobshop_la36] Running CP-SAT to find optimal solution...
2025-03-10 17:48:31,148 - ForkProcess-5 - MainThread - INFO - [../instances/ClassicBenchmark/jobshop_la36] CP-SAT completed: makespan=1268, time=13.62s
2025-03-10 17:48:31,149 - ForkProcess-5 - MainThread - INFO - [../instances/ClassicBenchmark/jobshop_la36] Running Hybrid solver with limiter...
2025-03-10 17:48:45,170 - ForkProcess-5 - MainThread - INFO - [../instances/ClassicBenchmark/jobshop_la36] Hybrid limiter completed: makespan=1503, time=13.77s
2025-03-10 17:48:45,195 - ForkProcess-5 - MainThread - INFO - [../instances/ClassicBenchmark/jobshop_la36] Running GA solver...
2025-03-10 17:48:59,162 - ForkProcess-5 - MainThread - INFO - [../instances/ClassicBenchmark/jobshop_la36] GA completed: makespan=1615, time=13.90s
2025-03-10 17:48:59,186 - ForkProcess-5 - MainThread - INFO - [../instances/ClassicBenchmark/jobshop_la36] Running Hybrid solver...
2025-03-10 17:49:09,103 - ForkProcess-5 - MainThread - INFO - [../instances/ClassicBenchmark/jobshop_la36] Hybrid completed: makespan=1288, time=9.72s
2025-03-10 17:49:09,122 - ForkProcess-5 - MainThread - INFO - [../instances/ClassicBenchmark/jobshop_la36] Experiment completed and results saved
2025-03-10 17:49:09,123 - MainProcess   - MainThread - INFO - Progress: 39/74 instances completed. jobshop_la36 succeeded
2025-03-10 17:49:09,124 - ForkProcess-5 - MainThread - INFO - Running experiment for instance ../instances/ClassicBenchmark/jobshop_la37
2025-03-10 17:49:09,124 - ForkProcess-5 - MainThread - INFO - [../instances/ClassicBenchmark/jobshop_la37] Running CP-SAT to find optimal solution...
2025-03-10 17:49:12,361 - ForkProcess-5 - MainThread - INFO - [../instances/ClassicBenchmark/jobshop_la37] CP-SAT completed: makespan=1397, time=3.13s
2025-03-10 17:49:12,374 - ForkProcess-5 - MainThread - INFO - [../instances/ClassicBenchmark/jobshop_la37] Running Hybrid solver with limiter...
2025-03-10 17:49:15,932 - ForkProcess-5 - MainThread - INFO - [../instances/ClassicBenchmark/jobshop_la37] Hybrid limiter completed: makespan=1588, time=3.37s
2025-03-10 17:49:15,954 - ForkProcess-5 - MainThread - INFO - [../instances/ClassicBenchmark/jobshop_la37] Running GA solver...
2025-03-10 17:49:19,471 - ForkProcess-5 - MainThread - INFO - [../instances/ClassicBenchmark/jobshop_la37] GA completed: makespan=2131, time=3.41s
2025-03-10 17:49:19,471 - ForkProcess-5 - MainThread - INFO - [../instances/ClassicBenchmark/jobshop_la37] Running Hybrid solver...
2025-03-10 17:49:22,213 - ForkProcess-5 - MainThread - INFO - [../instances/ClassicBenchmark/jobshop_la37] Hybrid completed: makespan=1477, time=2.49s
2025-03-10 17:49:22,234 - ForkProcess-5 - MainThread - INFO - [../instances/ClassicBenchmark/jobshop_la37] Experiment completed and results saved
2025-03-10 17:49:22,235 - MainProcess   - MainThread - INFO - Progress: 40/74 instances completed. jobshop_la37 succeeded
2025-03-10 17:49:22,236 - ForkProcess-5 - MainThread - INFO - Running experiment for instance ../instances/ClassicBenchmark/jobshop_la38
2025-03-10 17:49:22,236 - ForkProcess-5 - MainThread - INFO - [../instances/ClassicBenchmark/jobshop_la38] Running CP-SAT to find optimal solution...
2025-03-10 17:50:26,420 - ForkProcess-2 - MainThread - INFO - [../instances/ClassicBenchmark/jobshop_la21] GA completed: makespan=1134, time=322.16s
2025-03-10 17:50:26,438 - ForkProcess-2 - MainThread - INFO - [../instances/ClassicBenchmark/jobshop_la21] Running Hybrid solver...
2025-03-10 17:52:34,702 - ForkProcess-3 - MainThread - INFO - [../instances/ClassicBenchmark/jobshop_abz7] Hybrid limiter completed: makespan=753, time=521.74s
2025-03-10 17:52:34,726 - ForkProcess-3 - MainThread - INFO - [../instances/ClassicBenchmark/jobshop_abz7] Running GA solver...
2025-03-10 17:53:18,348 - ForkProcess-2 - MainThread - INFO - [../instances/ClassicBenchmark/jobshop_la21] Hybrid completed: makespan=1046, time=171.57s
2025-03-10 17:53:18,349 - ForkProcess-2 - MainThread - INFO - [../instances/ClassicBenchmark/jobshop_la21] Experiment completed and results saved
2025-03-10 17:53:18,350 - MainProcess   - MainThread - INFO - Progress: 41/74 instances completed. jobshop_la21 succeeded
2025-03-10 17:53:18,351 - ForkProcess-2 - MainThread - INFO - Running experiment for instance ../instances/ClassicBenchmark/jobshop_la39
2025-03-10 17:53:18,351 - ForkProcess-2 - MainThread - INFO - [../instances/ClassicBenchmark/jobshop_la39] Running CP-SAT to find optimal solution...
2025-03-10 17:53:30,046 - ForkProcess-2 - MainThread - INFO - [../instances/ClassicBenchmark/jobshop_la39] CP-SAT completed: makespan=1233, time=11.50s
2025-03-10 17:53:30,070 - ForkProcess-2 - MainThread - INFO - [../instances/ClassicBenchmark/jobshop_la39] Running Hybrid solver with limiter...
2025-03-10 17:53:41,865 - ForkProcess-2 - MainThread - INFO - [../instances/ClassicBenchmark/jobshop_la39] Hybrid limiter completed: makespan=1437, time=11.66s
2025-03-10 17:53:41,891 - ForkProcess-2 - MainThread - INFO - [../instances/ClassicBenchmark/jobshop_la39] Running GA solver...
2025-03-10 17:53:54,068 - ForkProcess-2 - MainThread - INFO - [../instances/ClassicBenchmark/jobshop_la39] GA completed: makespan=1703, time=12.07s
2025-03-10 17:53:54,068 - ForkProcess-2 - MainThread - INFO - [../instances/ClassicBenchmark/jobshop_la39] Running Hybrid solver...
2025-03-10 17:54:02,997 - ForkProcess-2 - MainThread - INFO - [../instances/ClassicBenchmark/jobshop_la39] Hybrid completed: makespan=1271, time=8.62s
2025-03-10 17:54:03,015 - ForkProcess-2 - MainThread - INFO - [../instances/ClassicBenchmark/jobshop_la39] Experiment completed and results saved
2025-03-10 17:54:03,016 - MainProcess   - MainThread - INFO - Progress: 42/74 instances completed. jobshop_la39 succeeded
2025-03-10 17:54:03,017 - ForkProcess-2 - MainThread - INFO - Running experiment for instance ../instances/ClassicBenchmark/jobshop_la40
2025-03-10 17:54:03,017 - ForkProcess-2 - MainThread - INFO - [../instances/ClassicBenchmark/jobshop_la40] Running CP-SAT to find optimal solution...
2025-03-10 17:55:37,119 - ForkProcess-2 - MainThread - INFO - [../instances/ClassicBenchmark/jobshop_la40] CP-SAT completed: makespan=1222, time=94.00s
2025-03-10 17:55:37,126 - ForkProcess-2 - MainThread - INFO - [../instances/ClassicBenchmark/jobshop_la40] Running Hybrid solver with limiter...
2025-03-10 17:57:11,432 - ForkProcess-2 - MainThread - INFO - [../instances/ClassicBenchmark/jobshop_la40] Hybrid limiter completed: makespan=1384, time=94.04s
2025-03-10 17:57:11,455 - ForkProcess-2 - MainThread - INFO - [../instances/ClassicBenchmark/jobshop_la40] Running GA solver...
2025-03-10 17:58:45,731 - ForkProcess-2 - MainThread - INFO - [../instances/ClassicBenchmark/jobshop_la40] GA completed: makespan=1541, time=94.19s
2025-03-10 17:58:45,732 - ForkProcess-2 - MainThread - INFO - [../instances/ClassicBenchmark/jobshop_la40] Running Hybrid solver...
2025-03-10 17:59:52,103 - ForkProcess-2 - MainThread - INFO - [../instances/ClassicBenchmark/jobshop_la40] Hybrid completed: makespan=1222, time=66.11s
2025-03-10 17:59:52,134 - ForkProcess-2 - MainThread - INFO - [../instances/ClassicBenchmark/jobshop_la40] Experiment completed and results saved
2025-03-10 17:59:52,142 - MainProcess   - MainThread - INFO - Progress: 43/74 instances completed. jobshop_la40 succeeded
2025-03-10 17:59:52,143 - ForkProcess-2 - MainThread - INFO - Running experiment for instance ../instances/ClassicBenchmark/jobshop_orb01
2025-03-10 17:59:52,143 - ForkProcess-2 - MainThread - INFO - [../instances/ClassicBenchmark/jobshop_orb01] Running CP-SAT to find optimal solution...
2025-03-10 18:00:46,869 - ForkProcess-2 - MainThread - INFO - [../instances/ClassicBenchmark/jobshop_orb01] CP-SAT completed: makespan=1059, time=54.65s
2025-03-10 18:00:46,883 - ForkProcess-2 - MainThread - INFO - [../instances/ClassicBenchmark/jobshop_orb01] Running Hybrid solver with limiter...
2025-03-10 18:01:16,581 - ForkProcess-3 - MainThread - INFO - [../instances/ClassicBenchmark/jobshop_abz7] GA completed: makespan=789, time=521.74s
2025-03-10 18:01:16,582 - ForkProcess-3 - MainThread - INFO - [../instances/ClassicBenchmark/jobshop_abz7] Running Hybrid solver...
2025-03-10 18:01:41,991 - ForkProcess-2 - MainThread - INFO - [../instances/ClassicBenchmark/jobshop_orb01] Hybrid limiter completed: makespan=1252, time=54.88s
2025-03-10 18:01:42,014 - ForkProcess-2 - MainThread - INFO - [../instances/ClassicBenchmark/jobshop_orb01] Running GA solver...
2025-03-10 18:02:36,959 - ForkProcess-2 - MainThread - INFO - [../instances/ClassicBenchmark/jobshop_orb01] GA completed: makespan=1252, time=54.80s
2025-03-10 18:02:36,986 - ForkProcess-2 - MainThread - INFO - [../instances/ClassicBenchmark/jobshop_orb01] Running Hybrid solver...
2025-03-10 18:02:58,986 - ForkProcess-5 - MainThread - INFO - [../instances/ClassicBenchmark/jobshop_la38] CP-SAT completed: makespan=1196, time=816.60s
2025-03-10 18:02:59,026 - ForkProcess-5 - MainThread - INFO - [../instances/ClassicBenchmark/jobshop_la38] Running Hybrid solver with limiter...
2025-03-10 18:03:15,693 - ForkProcess-2 - MainThread - INFO - [../instances/ClassicBenchmark/jobshop_orb01] Hybrid completed: makespan=1059, time=38.41s
2025-03-10 18:03:15,694 - ForkProcess-2 - MainThread - INFO - [../instances/ClassicBenchmark/jobshop_orb01] Experiment completed and results saved
2025-03-10 18:03:15,695 - MainProcess   - MainThread - INFO - Progress: 44/74 instances completed. jobshop_orb01 succeeded
2025-03-10 18:03:15,696 - ForkProcess-2 - MainThread - INFO - Running experiment for instance ../instances/ClassicBenchmark/jobshop_orb02
2025-03-10 18:03:15,697 - ForkProcess-2 - MainThread - INFO - [../instances/ClassicBenchmark/jobshop_orb02] Running CP-SAT to find optimal solution...
2025-03-10 18:03:18,592 - ForkProcess-2 - MainThread - INFO - [../instances/ClassicBenchmark/jobshop_orb02] CP-SAT completed: makespan=888, time=2.74s
2025-03-10 18:03:18,593 - ForkProcess-2 - MainThread - INFO - [../instances/ClassicBenchmark/jobshop_orb02] Running Hybrid solver with limiter...
2025-03-10 18:03:21,478 - ForkProcess-2 - MainThread - INFO - [../instances/ClassicBenchmark/jobshop_orb02] Hybrid limiter completed: makespan=1034, time=2.78s
2025-03-10 18:03:21,478 - ForkProcess-2 - MainThread - INFO - [../instances/ClassicBenchmark/jobshop_orb02] Running GA solver...
2025-03-10 18:03:24,360 - ForkProcess-2 - MainThread - INFO - [../instances/ClassicBenchmark/jobshop_orb02] GA completed: makespan=1161, time=2.82s
2025-03-10 18:03:24,367 - ForkProcess-2 - MainThread - INFO - [../instances/ClassicBenchmark/jobshop_orb02] Running Hybrid solver...
2025-03-10 18:03:26,687 - ForkProcess-2 - MainThread - INFO - [../instances/ClassicBenchmark/jobshop_orb02] Hybrid completed: makespan=904, time=2.15s
2025-03-10 18:03:26,687 - ForkProcess-2 - MainThread - INFO - [../instances/ClassicBenchmark/jobshop_orb02] Experiment completed and results saved
2025-03-10 18:03:26,695 - MainProcess   - MainThread - INFO - Progress: 45/74 instances completed. jobshop_orb02 succeeded
2025-03-10 18:03:26,695 - ForkProcess-2 - MainThread - INFO - Running experiment for instance ../instances/ClassicBenchmark/jobshop_orb03
2025-03-10 18:03:26,702 - ForkProcess-2 - MainThread - INFO - [../instances/ClassicBenchmark/jobshop_orb03] Running CP-SAT to find optimal solution...
2025-03-10 18:03:58,549 - ForkProcess-2 - MainThread - INFO - [../instances/ClassicBenchmark/jobshop_orb03] CP-SAT completed: makespan=1005, time=31.77s
2025-03-10 18:03:58,549 - ForkProcess-2 - MainThread - INFO - [../instances/ClassicBenchmark/jobshop_orb03] Running Hybrid solver with limiter...
2025-03-10 18:04:30,503 - ForkProcess-2 - MainThread - INFO - [../instances/ClassicBenchmark/jobshop_orb03] Hybrid limiter completed: makespan=1164, time=31.82s
2025-03-10 18:04:30,526 - ForkProcess-2 - MainThread - INFO - [../instances/ClassicBenchmark/jobshop_orb03] Running GA solver...
2025-03-10 18:05:02,575 - ForkProcess-2 - MainThread - INFO - [../instances/ClassicBenchmark/jobshop_orb03] GA completed: makespan=1280, time=31.95s
2025-03-10 18:05:02,575 - ForkProcess-2 - MainThread - INFO - [../instances/ClassicBenchmark/jobshop_orb03] Running Hybrid solver...
2025-03-10 18:05:25,135 - ForkProcess-2 - MainThread - INFO - [../instances/ClassicBenchmark/jobshop_orb03] Hybrid completed: makespan=1022, time=22.42s
2025-03-10 18:05:25,136 - ForkProcess-2 - MainThread - INFO - [../instances/ClassicBenchmark/jobshop_orb03] Experiment completed and results saved
2025-03-10 18:05:25,136 - MainProcess   - MainThread - INFO - Progress: 46/74 instances completed. jobshop_orb03 succeeded
2025-03-10 18:05:25,154 - ForkProcess-2 - MainThread - INFO - Running experiment for instance ../instances/ClassicBenchmark/jobshop_orb04
2025-03-10 18:05:25,155 - ForkProcess-2 - MainThread - INFO - [../instances/ClassicBenchmark/jobshop_orb04] Running CP-SAT to find optimal solution...
2025-03-10 18:05:30,742 - ForkProcess-2 - MainThread - INFO - [../instances/ClassicBenchmark/jobshop_orb04] CP-SAT completed: makespan=1005, time=5.55s
2025-03-10 18:05:30,766 - ForkProcess-2 - MainThread - INFO - [../instances/ClassicBenchmark/jobshop_orb04] Running Hybrid solver with limiter...
2025-03-10 18:05:33,956 - ForkProcess-5 - MainThread - INFO - [../instances/ClassicBenchmark/jobshop_la38] Hybrid limiter completed: makespan=1357, time=154.81s
2025-03-10 18:05:33,966 - ForkProcess-5 - MainThread - INFO - [../instances/ClassicBenchmark/jobshop_la38] Running GA solver...
2025-03-10 18:05:36,633 - ForkProcess-2 - MainThread - INFO - [../instances/ClassicBenchmark/jobshop_orb04] Hybrid limiter completed: makespan=1148, time=5.72s
2025-03-10 18:05:36,633 - ForkProcess-2 - MainThread - INFO - [../instances/ClassicBenchmark/jobshop_orb04] Running GA solver...
2025-03-10 18:05:42,441 - ForkProcess-2 - MainThread - INFO - [../instances/ClassicBenchmark/jobshop_orb04] GA completed: makespan=1149, time=5.74s
2025-03-10 18:05:42,450 - ForkProcess-2 - MainThread - INFO - [../instances/ClassicBenchmark/jobshop_orb04] Running Hybrid solver...
2025-03-10 18:05:46,615 - ForkProcess-2 - MainThread - INFO - [../instances/ClassicBenchmark/jobshop_orb04] Hybrid completed: makespan=1016, time=3.93s
2025-03-10 18:05:46,616 - ForkProcess-2 - MainThread - INFO - [../instances/ClassicBenchmark/jobshop_orb04] Experiment completed and results saved
2025-03-10 18:05:46,617 - MainProcess   - MainThread - INFO - Progress: 47/74 instances completed. jobshop_orb04 succeeded
2025-03-10 18:05:46,617 - ForkProcess-2 - MainThread - INFO - Running experiment for instance ../instances/ClassicBenchmark/jobshop_orb05
2025-03-10 18:05:46,617 - ForkProcess-2 - MainThread - INFO - [../instances/ClassicBenchmark/jobshop_orb05] Running CP-SAT to find optimal solution...
2025-03-10 18:05:51,728 - ForkProcess-2 - MainThread - INFO - [../instances/ClassicBenchmark/jobshop_orb05] CP-SAT completed: makespan=887, time=5.00s
2025-03-10 18:05:51,729 - ForkProcess-2 - MainThread - INFO - [../instances/ClassicBenchmark/jobshop_orb05] Running Hybrid solver with limiter...
2025-03-10 18:05:54,884 - ForkProcess-3 - MainThread - INFO - [../instances/ClassicBenchmark/jobshop_abz7] Hybrid completed: makespan=668, time=278.12s
2025-03-10 18:05:54,884 - ForkProcess-3 - MainThread - INFO - [../instances/ClassicBenchmark/jobshop_abz7] Experiment completed and results saved
2025-03-10 18:05:54,885 - MainProcess   - MainThread - INFO - Progress: 48/74 instances completed. jobshop_abz7 succeeded
2025-03-10 18:05:54,895 - ForkProcess-3 - MainThread - INFO - Running experiment for instance ../instances/ClassicBenchmark/jobshop_orb06
2025-03-10 18:05:54,895 - ForkProcess-3 - MainThread - INFO - [../instances/ClassicBenchmark/jobshop_orb06] Running CP-SAT to find optimal solution...
2025-03-10 18:05:57,031 - ForkProcess-2 - MainThread - INFO - [../instances/ClassicBenchmark/jobshop_orb05] Hybrid limiter completed: makespan=1032, time=5.16s
2025-03-10 18:05:57,058 - ForkProcess-2 - MainThread - INFO - [../instances/ClassicBenchmark/jobshop_orb05] Running GA solver...
2025-03-10 18:06:02,255 - ForkProcess-2 - MainThread - INFO - [../instances/ClassicBenchmark/jobshop_orb05] GA completed: makespan=1160, time=5.12s
2025-03-10 18:06:02,270 - ForkProcess-2 - MainThread - INFO - [../instances/ClassicBenchmark/jobshop_orb05] Running Hybrid solver...
2025-03-10 18:06:06,074 - ForkProcess-2 - MainThread - INFO - [../instances/ClassicBenchmark/jobshop_orb05] Hybrid completed: makespan=889, time=3.60s
2025-03-10 18:06:06,075 - ForkProcess-2 - MainThread - INFO - [../instances/ClassicBenchmark/jobshop_orb05] Experiment completed and results saved
2025-03-10 18:06:06,076 - MainProcess   - MainThread - INFO - Progress: 49/74 instances completed. jobshop_orb05 succeeded
2025-03-10 18:06:06,077 - ForkProcess-2 - MainThread - INFO - Running experiment for instance ../instances/ClassicBenchmark/jobshop_orb07
2025-03-10 18:06:06,077 - ForkProcess-2 - MainThread - INFO - [../instances/ClassicBenchmark/jobshop_orb07] Running CP-SAT to find optimal solution...
2025-03-10 18:06:10,056 - ForkProcess-2 - MainThread - INFO - [../instances/ClassicBenchmark/jobshop_orb07] CP-SAT completed: makespan=397, time=3.87s
2025-03-10 18:06:10,056 - ForkProcess-2 - MainThread - INFO - [../instances/ClassicBenchmark/jobshop_orb07] Running Hybrid solver with limiter...
2025-03-10 18:06:14,333 - ForkProcess-2 - MainThread - INFO - [../instances/ClassicBenchmark/jobshop_orb07] Hybrid limiter completed: makespan=469, time=4.02s
2025-03-10 18:06:14,342 - ForkProcess-2 - MainThread - INFO - [../instances/ClassicBenchmark/jobshop_orb07] Running GA solver...
2025-03-10 18:06:18,373 - ForkProcess-3 - MainThread - INFO - [../instances/ClassicBenchmark/jobshop_orb06] CP-SAT completed: makespan=1010, time=23.39s
2025-03-10 18:06:18,374 - ForkProcess-3 - MainThread - INFO - [../instances/ClassicBenchmark/jobshop_orb06] Running Hybrid solver with limiter...
2025-03-10 18:06:18,451 - ForkProcess-2 - MainThread - INFO - [../instances/ClassicBenchmark/jobshop_orb07] GA completed: makespan=491, time=4.06s
2025-03-10 18:06:18,462 - ForkProcess-2 - MainThread - INFO - [../instances/ClassicBenchmark/jobshop_orb07] Running Hybrid solver...
2025-03-10 18:06:21,284 - ForkProcess-2 - MainThread - INFO - [../instances/ClassicBenchmark/jobshop_orb07] Hybrid completed: makespan=399, time=2.74s
2025-03-10 18:06:21,306 - ForkProcess-2 - MainThread - INFO - [../instances/ClassicBenchmark/jobshop_orb07] Experiment completed and results saved
2025-03-10 18:06:21,307 - MainProcess   - MainThread - INFO - Progress: 50/74 instances completed. jobshop_orb07 succeeded
2025-03-10 18:06:21,308 - ForkProcess-2 - MainThread - INFO - Running experiment for instance ../instances/ClassicBenchmark/jobshop_orb08
2025-03-10 18:06:21,308 - ForkProcess-2 - MainThread - INFO - [../instances/ClassicBenchmark/jobshop_orb08] Running CP-SAT to find optimal solution...
2025-03-10 18:06:22,710 - ForkProcess-2 - MainThread - INFO - [../instances/ClassicBenchmark/jobshop_orb08] CP-SAT completed: makespan=899, time=1.36s
2025-03-10 18:06:22,726 - ForkProcess-2 - MainThread - INFO - [../instances/ClassicBenchmark/jobshop_orb08] Running Hybrid solver with limiter...
2025-03-10 18:06:24,257 - ForkProcess-2 - MainThread - INFO - [../instances/ClassicBenchmark/jobshop_orb08] Hybrid limiter completed: makespan=1111, time=1.39s
2025-03-10 18:06:24,266 - ForkProcess-2 - MainThread - INFO - [../instances/ClassicBenchmark/jobshop_orb08] Running GA solver...
2025-03-10 18:06:25,723 - ForkProcess-2 - MainThread - INFO - [../instances/ClassicBenchmark/jobshop_orb08] GA completed: makespan=1220, time=1.37s
2025-03-10 18:06:25,730 - ForkProcess-2 - MainThread - INFO - [../instances/ClassicBenchmark/jobshop_orb08] Running Hybrid solver...
2025-03-10 18:06:26,873 - ForkProcess-2 - MainThread - INFO - [../instances/ClassicBenchmark/jobshop_orb08] Hybrid completed: makespan=946, time=0.98s
2025-03-10 18:06:26,874 - ForkProcess-2 - MainThread - INFO - [../instances/ClassicBenchmark/jobshop_orb08] Experiment completed and results saved
2025-03-10 18:06:26,886 - MainProcess   - MainThread - INFO - Progress: 51/74 instances completed. jobshop_orb08 succeeded
2025-03-10 18:06:26,887 - ForkProcess-2 - MainThread - INFO - Running experiment for instance ../instances/ClassicBenchmark/jobshop_orb09
2025-03-10 18:06:26,888 - ForkProcess-2 - MainThread - INFO - [../instances/ClassicBenchmark/jobshop_orb09] Running CP-SAT to find optimal solution...
2025-03-10 18:06:29,340 - ForkProcess-2 - MainThread - INFO - [../instances/ClassicBenchmark/jobshop_orb09] CP-SAT completed: makespan=934, time=2.35s
2025-03-10 18:06:29,350 - ForkProcess-2 - MainThread - INFO - [../instances/ClassicBenchmark/jobshop_orb09] Running Hybrid solver with limiter...
2025-03-10 18:06:31,956 - ForkProcess-2 - MainThread - INFO - [../instances/ClassicBenchmark/jobshop_orb09] Hybrid limiter completed: makespan=1136, time=2.49s
2025-03-10 18:06:31,957 - ForkProcess-2 - MainThread - INFO - [../instances/ClassicBenchmark/jobshop_orb09] Running GA solver...
2025-03-10 18:06:34,485 - ForkProcess-2 - MainThread - INFO - [../instances/ClassicBenchmark/jobshop_orb09] GA completed: makespan=1254, time=2.46s
2025-03-10 18:06:34,506 - ForkProcess-2 - MainThread - INFO - [../instances/ClassicBenchmark/jobshop_orb09] Running Hybrid solver...
2025-03-10 18:06:36,348 - ForkProcess-2 - MainThread - INFO - [../instances/ClassicBenchmark/jobshop_orb09] Hybrid completed: makespan=934, time=1.68s
2025-03-10 18:06:36,383 - ForkProcess-2 - MainThread - INFO - [../instances/ClassicBenchmark/jobshop_orb09] Experiment completed and results saved
2025-03-10 18:06:36,383 - MainProcess   - MainThread - INFO - Progress: 52/74 instances completed. jobshop_orb09 succeeded
2025-03-10 18:06:36,384 - ForkProcess-2 - MainThread - INFO - Running experiment for instance ../instances/ClassicBenchmark/jobshop_orb10
2025-03-10 18:06:36,384 - ForkProcess-2 - MainThread - INFO - [../instances/ClassicBenchmark/jobshop_orb10] Running CP-SAT to find optimal solution...
2025-03-10 18:06:37,911 - ForkProcess-2 - MainThread - INFO - [../instances/ClassicBenchmark/jobshop_orb10] CP-SAT completed: makespan=944, time=1.44s
2025-03-10 18:06:37,911 - ForkProcess-2 - MainThread - INFO - [../instances/ClassicBenchmark/jobshop_orb10] Running Hybrid solver with limiter...
2025-03-10 18:06:39,607 - ForkProcess-2 - MainThread - INFO - [../instances/ClassicBenchmark/jobshop_orb10] Hybrid limiter completed: makespan=1206, time=1.52s
2025-03-10 18:06:39,630 - ForkProcess-2 - MainThread - INFO - [../instances/ClassicBenchmark/jobshop_orb10] Running GA solver...
2025-03-10 18:06:41,317 - ForkProcess-2 - MainThread - INFO - [../instances/ClassicBenchmark/jobshop_orb10] GA completed: makespan=1230, time=1.62s
2025-03-10 18:06:41,339 - ForkProcess-2 - MainThread - INFO - [../instances/ClassicBenchmark/jobshop_orb10] Running Hybrid solver...
2025-03-10 18:06:42,083 - ForkProcess-3 - MainThread - INFO - [../instances/ClassicBenchmark/jobshop_orb06] Hybrid limiter completed: makespan=1208, time=23.60s
2025-03-10 18:06:42,094 - ForkProcess-3 - MainThread - INFO - [../instances/ClassicBenchmark/jobshop_orb06] Running GA solver...
2025-03-10 18:06:42,686 - ForkProcess-2 - MainThread - INFO - [../instances/ClassicBenchmark/jobshop_orb10] Hybrid completed: makespan=1013, time=1.20s
2025-03-10 18:06:42,698 - ForkProcess-2 - MainThread - INFO - [../instances/ClassicBenchmark/jobshop_orb10] Experiment completed and results saved
2025-03-10 18:06:42,699 - MainProcess   - MainThread - INFO - Progress: 53/74 instances completed. jobshop_orb10 succeeded
2025-03-10 18:06:42,700 - ForkProcess-2 - MainThread - INFO - Running experiment for instance ../instances/ClassicBenchmark/jobshop_swv01
2025-03-10 18:06:42,700 - ForkProcess-2 - MainThread - INFO - [../instances/ClassicBenchmark/jobshop_swv01] Running CP-SAT to find optimal solution...
2025-03-10 18:07:05,638 - ForkProcess-3 - MainThread - INFO - [../instances/ClassicBenchmark/jobshop_orb06] GA completed: makespan=1238, time=23.48s
2025-03-10 18:07:05,654 - ForkProcess-3 - MainThread - INFO - [../instances/ClassicBenchmark/jobshop_orb06] Running Hybrid solver...
2025-03-10 18:07:22,301 - ForkProcess-3 - MainThread - INFO - [../instances/ClassicBenchmark/jobshop_orb06] Hybrid completed: makespan=1017, time=16.45s
2025-03-10 18:07:22,318 - ForkProcess-3 - MainThread - INFO - [../instances/ClassicBenchmark/jobshop_orb06] Experiment completed and results saved
2025-03-10 18:07:22,319 - MainProcess   - MainThread - INFO - Progress: 54/74 instances completed. jobshop_orb06 succeeded
2025-03-10 18:07:22,320 - ForkProcess-3 - MainThread - INFO - Running experiment for instance ../instances/ClassicBenchmark/jobshop_swv02
2025-03-10 18:07:22,338 - ForkProcess-3 - MainThread - INFO - [../instances/ClassicBenchmark/jobshop_swv02] Running CP-SAT to find optimal solution...
2025-03-10 18:10:44,544 - ForkProcess-3 - MainThread - INFO - [../instances/ClassicBenchmark/jobshop_swv02] CP-SAT completed: makespan=1475, time=202.04s
2025-03-10 18:10:44,558 - ForkProcess-3 - MainThread - INFO - [../instances/ClassicBenchmark/jobshop_swv02] Running Hybrid solver with limiter...
2025-03-10 18:14:07,528 - ForkProcess-3 - MainThread - INFO - [../instances/ClassicBenchmark/jobshop_swv02] Hybrid limiter completed: makespan=1837, time=202.69s
2025-03-10 18:14:07,546 - ForkProcess-3 - MainThread - INFO - [../instances/ClassicBenchmark/jobshop_swv02] Running GA solver...
2025-03-10 18:16:12,926 - ForkProcess-5 - MainThread - INFO - [../instances/ClassicBenchmark/jobshop_la38] GA completed: makespan=1451, time=638.89s
2025-03-10 18:16:12,934 - ForkProcess-5 - MainThread - INFO - [../instances/ClassicBenchmark/jobshop_la38] Running Hybrid solver...
2025-03-10 18:17:29,972 - ForkProcess-3 - MainThread - INFO - [../instances/ClassicBenchmark/jobshop_swv02] GA completed: makespan=1877, time=202.32s
2025-03-10 18:17:29,986 - ForkProcess-3 - MainThread - INFO - [../instances/ClassicBenchmark/jobshop_swv02] Running Hybrid solver...
2025-03-10 18:19:52,256 - ForkProcess-3 - MainThread - INFO - [../instances/ClassicBenchmark/jobshop_swv02] Hybrid completed: makespan=1491, time=141.99s
2025-03-10 18:19:52,287 - ForkProcess-3 - MainThread - INFO - [../instances/ClassicBenchmark/jobshop_swv02] Experiment completed and results saved
2025-03-10 18:19:52,288 - MainProcess   - MainThread - INFO - Progress: 55/74 instances completed. jobshop_swv02 succeeded
2025-03-10 18:19:52,289 - ForkProcess-3 - MainThread - INFO - Running experiment for instance ../instances/ClassicBenchmark/jobshop_swv03
2025-03-10 18:19:52,294 - ForkProcess-3 - MainThread - INFO - [../instances/ClassicBenchmark/jobshop_swv03] Running CP-SAT to find optimal solution...
2025-03-10 18:22:39,908 - ForkProcess-5 - MainThread - INFO - [../instances/ClassicBenchmark/jobshop_la38] Hybrid completed: makespan=1196, time=386.58s
2025-03-10 18:22:39,923 - ForkProcess-5 - MainThread - INFO - [../instances/ClassicBenchmark/jobshop_la38] Experiment completed and results saved
2025-03-10 18:22:39,931 - MainProcess   - MainThread - INFO - Progress: 56/74 instances completed. jobshop_la38 succeeded
2025-03-10 18:22:39,932 - ForkProcess-5 - MainThread - INFO - Running experiment for instance ../instances/ClassicBenchmark/jobshop_swv04
2025-03-10 18:22:39,938 - ForkProcess-5 - MainThread - INFO - [../instances/ClassicBenchmark/jobshop_swv04] Running CP-SAT to find optimal solution...
2025-03-10 20:12:48,488 - ForkProcess-2 - MainThread - INFO - [../instances/ClassicBenchmark/jobshop_swv01] CP-SAT completed: makespan=1407, time=7565.67s
2025-03-10 20:12:48,526 - ForkProcess-2 - MainThread - INFO - [../instances/ClassicBenchmark/jobshop_swv01] Running Hybrid solver with limiter...
2025-03-10 20:21:28,084 - ForkProcess-2 - MainThread - INFO - [../instances/ClassicBenchmark/jobshop_swv01] Hybrid limiter completed: makespan=1855, time=519.30s
2025-03-10 20:21:28,107 - ForkProcess-2 - MainThread - INFO - [../instances/ClassicBenchmark/jobshop_swv01] Running GA solver...
2025-03-10 20:42:00,878 - ForkProcess-2 - MainThread - INFO - [../instances/ClassicBenchmark/jobshop_swv01] GA completed: makespan=1788, time=1232.68s
2025-03-10 20:42:00,910 - ForkProcess-2 - MainThread - INFO - [../instances/ClassicBenchmark/jobshop_swv01] Running Hybrid solver...
2025-03-10 21:21:56,641 - ForkProcess-2 - MainThread - INFO - [../instances/ClassicBenchmark/jobshop_swv01] Hybrid completed: makespan=1420, time=2395.45s
2025-03-10 21:21:56,671 - ForkProcess-2 - MainThread - INFO - [../instances/ClassicBenchmark/jobshop_swv01] Experiment completed and results saved
2025-03-10 21:21:56,672 - MainProcess   - MainThread - INFO - Progress: 57/74 instances completed. jobshop_swv01 succeeded
2025-03-10 21:21:56,673 - ForkProcess-2 - MainThread - INFO - Running experiment for instance ../instances/ClassicBenchmark/jobshop_swv05
2025-03-10 21:21:56,683 - ForkProcess-2 - MainThread - INFO - [../instances/ClassicBenchmark/jobshop_swv05] Running CP-SAT to find optimal solution...
2025-03-10 23:55:41,219 - ForkProcess-1 - MainThread - INFO - [../instances/ClassicBenchmark/jobshop_la29] CP-SAT completed: makespan=1152, time=22318.74s
2025-03-10 23:55:41,220 - ForkProcess-1 - MainThread - INFO - [../instances/ClassicBenchmark/jobshop_la29] Running Hybrid solver with limiter...
2025-03-11 00:13:52,521 - ForkProcess-1 - MainThread - INFO - [../instances/ClassicBenchmark/jobshop_la29] Hybrid limiter completed: makespan=1246, time=1091.05s
2025-03-11 00:13:52,555 - ForkProcess-1 - MainThread - INFO - [../instances/ClassicBenchmark/jobshop_la29] Running GA solver...
2025-03-11 00:22:32,921 - ForkProcess-1 - MainThread - INFO - [../instances/ClassicBenchmark/jobshop_la29] GA completed: makespan=1381, time=520.28s
2025-03-11 00:22:32,955 - ForkProcess-1 - MainThread - INFO - [../instances/ClassicBenchmark/jobshop_la29] Running Hybrid solver...
2025-03-11 02:16:15,399 - ForkProcess-1 - MainThread - INFO - [../instances/ClassicBenchmark/jobshop_la29] Hybrid completed: makespan=1164, time=6821.88s
2025-03-11 02:16:15,399 - ForkProcess-1 - MainThread - INFO - [../instances/ClassicBenchmark/jobshop_la29] Experiment completed and results saved
2025-03-11 02:16:15,400 - MainProcess   - MainThread - INFO - Progress: 58/74 instances completed. jobshop_la29 succeeded
2025-03-11 02:16:15,423 - ForkProcess-1 - MainThread - INFO - Running experiment for instance ../instances/ClassicBenchmark/jobshop_swv06
2025-03-11 02:16:15,438 - ForkProcess-1 - MainThread - INFO - [../instances/ClassicBenchmark/jobshop_swv06] Running CP-SAT to find optimal solution...
2025-03-11 04:08:35,515 - ForkProcess-3 - MainThread - INFO - [../instances/ClassicBenchmark/jobshop_swv03] CP-SAT completed: makespan=1398, time=35323.02s
2025-03-11 04:08:35,537 - ForkProcess-3 - MainThread - INFO - [../instances/ClassicBenchmark/jobshop_swv03] Running Hybrid solver with limiter...
2025-03-11 04:17:14,045 - ForkProcess-3 - MainThread - INFO - [../instances/ClassicBenchmark/jobshop_swv03] Hybrid limiter completed: makespan=1792, time=518.05s
2025-03-11 04:17:14,078 - ForkProcess-3 - MainThread - INFO - [../instances/ClassicBenchmark/jobshop_swv03] Running GA solver...
2025-03-11 04:24:39,846 - ForkProcess-3 - MainThread - INFO - [../instances/ClassicBenchmark/jobshop_swv03] GA completed: makespan=1727, time=445.65s
2025-03-11 04:24:39,870 - ForkProcess-3 - MainThread - INFO - [../instances/ClassicBenchmark/jobshop_swv03] Running Hybrid solver...
2025-03-11 07:23:25,506 - ForkProcess-3 - MainThread - INFO - [../instances/ClassicBenchmark/jobshop_swv03] Hybrid completed: makespan=1419, time=10725.37s
2025-03-11 07:23:25,507 - ForkProcess-3 - MainThread - INFO - [../instances/ClassicBenchmark/jobshop_swv03] Experiment completed and results saved
2025-03-11 07:23:25,507 - MainProcess   - MainThread - INFO - Progress: 59/74 instances completed. jobshop_swv03 succeeded
2025-03-11 07:23:25,515 - ForkProcess-3 - MainThread - INFO - Running experiment for instance ../instances/ClassicBenchmark/jobshop_swv07
2025-03-11 07:23:25,515 - ForkProcess-3 - MainThread - INFO - [../instances/ClassicBenchmark/jobshop_swv07] Running CP-SAT to find optimal solution...
